ARM GAS  /tmp/ccc6GBf8.s 			page 1


   1              		.cpu cortex-m7
   2              		.eabi_attribute 28, 1
   3              		.eabi_attribute 20, 1
   4              		.eabi_attribute 21, 1
   5              		.eabi_attribute 23, 3
   6              		.eabi_attribute 24, 1
   7              		.eabi_attribute 25, 1
   8              		.eabi_attribute 26, 1
   9              		.eabi_attribute 30, 1
  10              		.eabi_attribute 34, 1
  11              		.eabi_attribute 18, 4
  12              		.file	"main.c"
  13              		.text
  14              	.Ltext0:
  15              		.cfi_sections	.debug_frame
  16              		.section	.text.MX_GPIO_Init,"ax",%progbits
  17              		.align	1
  18              		.arch armv7e-m
  19              		.syntax unified
  20              		.thumb
  21              		.thumb_func
  22              		.fpu fpv5-d16
  24              	MX_GPIO_Init:
  25              	.LFB146:
  26              		.file 1 "Src/main.c"
   1:Src/main.c    ****  /* USER CODE BEGIN Header */
   2:Src/main.c    **** /**
   3:Src/main.c    ****   ******************************************************************************
   4:Src/main.c    ****   * @file           : main.c
   5:Src/main.c    ****   * @brief          : Main program body
   6:Src/main.c    ****   ******************************************************************************
   7:Src/main.c    ****   * @attention
   8:Src/main.c    ****   *
   9:Src/main.c    ****   * <h2><center>&copy; Copyright (c) 2020 STMicroelectronics.
  10:Src/main.c    ****   * All rights reserved.</center></h2>
  11:Src/main.c    ****   *
  12:Src/main.c    ****   * This software component is licensed by ST under BSD 3-Clause license,
  13:Src/main.c    ****   * the "License"; You may not use this file except in compliance with the
  14:Src/main.c    ****   * License. You may obtain a copy of the License at:
  15:Src/main.c    ****   *                        opensource.org/licenses/BSD-3-Clause
  16:Src/main.c    ****   *
  17:Src/main.c    ****   ******************************************************************************
  18:Src/main.c    ****   */
  19:Src/main.c    **** /* USER CODE END Header */
  20:Src/main.c    **** 
  21:Src/main.c    **** /* Includes ------------------------------------------------------------------*/
  22:Src/main.c    **** #include "main.h"
  23:Src/main.c    **** 
  24:Src/main.c    **** /* Private includes ----------------------------------------------------------*/
  25:Src/main.c    **** /* USER CODE BEGIN Includes */
  26:Src/main.c    **** 
  27:Src/main.c    **** /* USER CODE END Includes */
  28:Src/main.c    **** 
  29:Src/main.c    **** /* Private typedef -----------------------------------------------------------*/
  30:Src/main.c    **** /* USER CODE BEGIN PTD */
  31:Src/main.c    **** 
  32:Src/main.c    **** /* USER CODE END PTD */
ARM GAS  /tmp/ccc6GBf8.s 			page 2


  33:Src/main.c    **** 
  34:Src/main.c    **** /* Private define ------------------------------------------------------------*/
  35:Src/main.c    **** /* USER CODE BEGIN PD */
  36:Src/main.c    **** 
  37:Src/main.c    **** /* USER CODE END PD */
  38:Src/main.c    **** 
  39:Src/main.c    **** /* Private macro -------------------------------------------------------------*/
  40:Src/main.c    **** /* USER CODE BEGIN PM */
  41:Src/main.c    **** 
  42:Src/main.c    **** /* USER CODE END PM */
  43:Src/main.c    **** 
  44:Src/main.c    **** /* Private variables ---------------------------------------------------------*/
  45:Src/main.c    **** 
  46:Src/main.c    **** TIM_HandleTypeDef htim6;
  47:Src/main.c    **** TIM_HandleTypeDef htim7;
  48:Src/main.c    **** 
  49:Src/main.c    **** UART_HandleTypeDef huart2;
  50:Src/main.c    **** 
  51:Src/main.c    **** /* USER CODE BEGIN PV */
  52:Src/main.c    **** void print(UART_HandleTypeDef *huart, char* text);
  53:Src/main.c    **** 
  54:Src/main.c    **** /* USER CODE END PV */
  55:Src/main.c    **** 
  56:Src/main.c    **** /* Private function prototypes -----------------------------------------------*/
  57:Src/main.c    **** void SystemClock_Config(void);
  58:Src/main.c    **** static void MX_GPIO_Init(void);
  59:Src/main.c    **** static void MX_USART2_UART_Init(void);
  60:Src/main.c    **** static void MX_TIM6_Init(void);
  61:Src/main.c    **** static void MX_TIM7_Init(void);
  62:Src/main.c    **** /* USER CODE BEGIN PFP */
  63:Src/main.c    **** 
  64:Src/main.c    **** /* USER CODE END PFP */
  65:Src/main.c    **** 
  66:Src/main.c    **** /* Private user code ---------------------------------------------------------*/
  67:Src/main.c    **** /* USER CODE BEGIN 0 */
  68:Src/main.c    **** 
  69:Src/main.c    **** /* USER CODE END 0 */
  70:Src/main.c    **** 
  71:Src/main.c    **** /**
  72:Src/main.c    ****   * @brief  The application entry point.
  73:Src/main.c    ****   * @retval int
  74:Src/main.c    ****   */
  75:Src/main.c    **** int main(void)
  76:Src/main.c    **** {
  77:Src/main.c    ****   /* USER CODE BEGIN 1 */
  78:Src/main.c    **** 
  79:Src/main.c    ****   /* USER CODE END 1 */
  80:Src/main.c    ****   
  81:Src/main.c    **** 
  82:Src/main.c    ****   /* MCU Configuration--------------------------------------------------------*/
  83:Src/main.c    **** 
  84:Src/main.c    ****   /* Reset of all peripherals, Initializes the Flash interface and the Systick. */
  85:Src/main.c    ****   HAL_Init();
  86:Src/main.c    **** 
  87:Src/main.c    ****   /* USER CODE BEGIN Init */
  88:Src/main.c    **** 
  89:Src/main.c    ****   /* USER CODE END Init */
ARM GAS  /tmp/ccc6GBf8.s 			page 3


  90:Src/main.c    **** 
  91:Src/main.c    ****   /* Configure the system clock */
  92:Src/main.c    ****   SystemClock_Config();
  93:Src/main.c    **** 
  94:Src/main.c    ****   /* USER CODE BEGIN SysInit */
  95:Src/main.c    **** 
  96:Src/main.c    ****   /* USER CODE END SysInit */
  97:Src/main.c    **** 
  98:Src/main.c    ****   /* Initialize all configured peripherals */
  99:Src/main.c    ****   MX_GPIO_Init();
 100:Src/main.c    ****   MX_USART2_UART_Init();
 101:Src/main.c    ****   MX_TIM6_Init();
 102:Src/main.c    ****   MX_TIM7_Init();
 103:Src/main.c    ****   /* USER CODE BEGIN 2 */
 104:Src/main.c    ****   HAL_GPIO_TogglePin(GPIOB, GPIO_PIN_0); 
 105:Src/main.c    **** 
 106:Src/main.c    **** 
 107:Src/main.c    ****   /* USER CODE END 2 */
 108:Src/main.c    **** 
 109:Src/main.c    ****   /* Infinite loop */
 110:Src/main.c    ****   /* USER CODE BEGIN WHILE */
 111:Src/main.c    ****   while (1)
 112:Src/main.c    ****   {
 113:Src/main.c    ****     /* USER CODE END WHILE */
 114:Src/main.c    ****     HAL_Delay(1000);
 115:Src/main.c    **** 
 116:Src/main.c    ****     HAL_GPIO_TogglePin(GPIOB, GPIO_PIN_7);
 117:Src/main.c    ****     HAL_GPIO_TogglePin(GPIOB, GPIO_PIN_0);
 118:Src/main.c    **** 
 119:Src/main.c    ****     HAL_Delay(1000);
 120:Src/main.c    **** 
 121:Src/main.c    ****     HAL_GPIO_TogglePin(GPIOB, GPIO_PIN_14);
 122:Src/main.c    ****     HAL_GPIO_TogglePin(GPIOB, GPIO_PIN_7);
 123:Src/main.c    **** 
 124:Src/main.c    ****     HAL_Delay(1000);
 125:Src/main.c    **** 
 126:Src/main.c    ****     HAL_GPIO_TogglePin(GPIOB, GPIO_PIN_14);
 127:Src/main.c    ****     HAL_GPIO_TogglePin(GPIOB, GPIO_PIN_7);
 128:Src/main.c    **** 
 129:Src/main.c    ****     HAL_Delay(1000);
 130:Src/main.c    **** 
 131:Src/main.c    ****     HAL_GPIO_TogglePin(GPIOB, GPIO_PIN_7);
 132:Src/main.c    ****     HAL_GPIO_TogglePin(GPIOB, GPIO_PIN_0);
 133:Src/main.c    ****     /* USER CODE BEGIN 3 */
 134:Src/main.c    ****   }
 135:Src/main.c    ****   /* USER CODE END 3 */
 136:Src/main.c    **** }
 137:Src/main.c    **** 
 138:Src/main.c    **** /**
 139:Src/main.c    ****   * @brief System Clock Configuration
 140:Src/main.c    ****   * @retval None
 141:Src/main.c    ****   */
 142:Src/main.c    **** void SystemClock_Config(void)
 143:Src/main.c    **** {
 144:Src/main.c    ****   RCC_OscInitTypeDef RCC_OscInitStruct = {0};
 145:Src/main.c    ****   RCC_ClkInitTypeDef RCC_ClkInitStruct = {0};
 146:Src/main.c    ****   RCC_PeriphCLKInitTypeDef PeriphClkInitStruct = {0};
ARM GAS  /tmp/ccc6GBf8.s 			page 4


 147:Src/main.c    **** 
 148:Src/main.c    ****   /** Configure LSE Drive Capability 
 149:Src/main.c    ****   */
 150:Src/main.c    ****   HAL_PWR_EnableBkUpAccess();
 151:Src/main.c    ****   /** Configure the main internal regulator output voltage 
 152:Src/main.c    ****   */
 153:Src/main.c    ****   __HAL_RCC_PWR_CLK_ENABLE();
 154:Src/main.c    ****   __HAL_PWR_VOLTAGESCALING_CONFIG(PWR_REGULATOR_VOLTAGE_SCALE1);
 155:Src/main.c    ****   /** Initializes the CPU, AHB and APB busses clocks 
 156:Src/main.c    ****   */
 157:Src/main.c    ****   RCC_OscInitStruct.OscillatorType = RCC_OSCILLATORTYPE_HSE;
 158:Src/main.c    ****   RCC_OscInitStruct.HSEState = RCC_HSE_BYPASS;
 159:Src/main.c    ****   RCC_OscInitStruct.PLL.PLLState = RCC_PLL_ON;
 160:Src/main.c    ****   RCC_OscInitStruct.PLL.PLLSource = RCC_PLLSOURCE_HSE;
 161:Src/main.c    ****   RCC_OscInitStruct.PLL.PLLM = 4;
 162:Src/main.c    ****   RCC_OscInitStruct.PLL.PLLN = 216;
 163:Src/main.c    ****   RCC_OscInitStruct.PLL.PLLP = RCC_PLLP_DIV2;
 164:Src/main.c    ****   RCC_OscInitStruct.PLL.PLLQ = 4;
 165:Src/main.c    ****   if (HAL_RCC_OscConfig(&RCC_OscInitStruct) != HAL_OK)
 166:Src/main.c    ****   {
 167:Src/main.c    ****     Error_Handler();
 168:Src/main.c    ****   }
 169:Src/main.c    ****   /** Activate the Over-Drive mode 
 170:Src/main.c    ****   */
 171:Src/main.c    ****   if (HAL_PWREx_EnableOverDrive() != HAL_OK)
 172:Src/main.c    ****   {
 173:Src/main.c    ****     Error_Handler();
 174:Src/main.c    ****   }
 175:Src/main.c    ****   /** Initializes the CPU, AHB and APB busses clocks 
 176:Src/main.c    ****   */
 177:Src/main.c    ****   RCC_ClkInitStruct.ClockType = RCC_CLOCKTYPE_HCLK|RCC_CLOCKTYPE_SYSCLK
 178:Src/main.c    ****                               |RCC_CLOCKTYPE_PCLK1|RCC_CLOCKTYPE_PCLK2;
 179:Src/main.c    ****   RCC_ClkInitStruct.SYSCLKSource = RCC_SYSCLKSOURCE_PLLCLK;
 180:Src/main.c    ****   RCC_ClkInitStruct.AHBCLKDivider = RCC_SYSCLK_DIV1;
 181:Src/main.c    ****   RCC_ClkInitStruct.APB1CLKDivider = RCC_HCLK_DIV4;
 182:Src/main.c    ****   RCC_ClkInitStruct.APB2CLKDivider = RCC_HCLK_DIV2;
 183:Src/main.c    **** 
 184:Src/main.c    ****   if (HAL_RCC_ClockConfig(&RCC_ClkInitStruct, FLASH_LATENCY_7) != HAL_OK)
 185:Src/main.c    ****   {
 186:Src/main.c    ****     Error_Handler();
 187:Src/main.c    ****   }
 188:Src/main.c    ****   PeriphClkInitStruct.PeriphClockSelection = RCC_PERIPHCLK_USART2;
 189:Src/main.c    ****   PeriphClkInitStruct.Usart2ClockSelection = RCC_USART2CLKSOURCE_PCLK1;
 190:Src/main.c    ****   if (HAL_RCCEx_PeriphCLKConfig(&PeriphClkInitStruct) != HAL_OK)
 191:Src/main.c    ****   {
 192:Src/main.c    ****     Error_Handler();
 193:Src/main.c    ****   }
 194:Src/main.c    **** }
 195:Src/main.c    **** 
 196:Src/main.c    **** /**
 197:Src/main.c    ****   * @brief TIM6 Initialization Function
 198:Src/main.c    ****   * @param None
 199:Src/main.c    ****   * @retval None
 200:Src/main.c    ****   */
 201:Src/main.c    **** static void MX_TIM6_Init(void)
 202:Src/main.c    **** {
 203:Src/main.c    **** 
ARM GAS  /tmp/ccc6GBf8.s 			page 5


 204:Src/main.c    ****   /* USER CODE BEGIN TIM6_Init 0 */
 205:Src/main.c    **** 
 206:Src/main.c    ****   /* USER CODE END TIM6_Init 0 */
 207:Src/main.c    **** 
 208:Src/main.c    ****   TIM_MasterConfigTypeDef sMasterConfig = {0};
 209:Src/main.c    **** 
 210:Src/main.c    ****   /* USER CODE BEGIN TIM6_Init 1 */
 211:Src/main.c    **** 
 212:Src/main.c    ****   /* USER CODE END TIM6_Init 1 */
 213:Src/main.c    ****   htim6.Instance = TIM6;
 214:Src/main.c    ****   htim6.Init.Prescaler = 215;
 215:Src/main.c    ****   htim6.Init.CounterMode = TIM_COUNTERMODE_UP;
 216:Src/main.c    ****   htim6.Init.Period = 3;
 217:Src/main.c    ****   htim6.Init.AutoReloadPreload = TIM_AUTORELOAD_PRELOAD_ENABLE;
 218:Src/main.c    ****   if (HAL_TIM_Base_Init(&htim6) != HAL_OK)
 219:Src/main.c    ****   {
 220:Src/main.c    ****     Error_Handler();
 221:Src/main.c    ****   }
 222:Src/main.c    ****   sMasterConfig.MasterOutputTrigger = TIM_TRGO_RESET;
 223:Src/main.c    ****   sMasterConfig.MasterSlaveMode = TIM_MASTERSLAVEMODE_DISABLE;
 224:Src/main.c    ****   if (HAL_TIMEx_MasterConfigSynchronization(&htim6, &sMasterConfig) != HAL_OK)
 225:Src/main.c    ****   {
 226:Src/main.c    ****     Error_Handler();
 227:Src/main.c    ****   }
 228:Src/main.c    ****   /* USER CODE BEGIN TIM6_Init 2 */
 229:Src/main.c    **** 
 230:Src/main.c    ****   /* USER CODE END TIM6_Init 2 */
 231:Src/main.c    **** 
 232:Src/main.c    **** }
 233:Src/main.c    **** 
 234:Src/main.c    **** /**
 235:Src/main.c    ****   * @brief TIM7 Initialization Function
 236:Src/main.c    ****   * @param None
 237:Src/main.c    ****   * @retval None
 238:Src/main.c    ****   */
 239:Src/main.c    **** static void MX_TIM7_Init(void)
 240:Src/main.c    **** {
 241:Src/main.c    **** 
 242:Src/main.c    ****   /* USER CODE BEGIN TIM7_Init 0 */
 243:Src/main.c    **** 
 244:Src/main.c    ****   /* USER CODE END TIM7_Init 0 */
 245:Src/main.c    **** 
 246:Src/main.c    ****   TIM_MasterConfigTypeDef sMasterConfig = {0};
 247:Src/main.c    **** 
 248:Src/main.c    ****   /* USER CODE BEGIN TIM7_Init 1 */
 249:Src/main.c    **** 
 250:Src/main.c    ****   /* USER CODE END TIM7_Init 1 */
 251:Src/main.c    ****   htim7.Instance = TIM7;
 252:Src/main.c    ****   htim7.Init.Prescaler = 59999;
 253:Src/main.c    ****   htim7.Init.CounterMode = TIM_COUNTERMODE_UP;
 254:Src/main.c    ****   htim7.Init.Period = 1799;
 255:Src/main.c    ****   htim7.Init.AutoReloadPreload = TIM_AUTORELOAD_PRELOAD_DISABLE;
 256:Src/main.c    ****   if (HAL_TIM_Base_Init(&htim7) != HAL_OK)
 257:Src/main.c    ****   {
 258:Src/main.c    ****     Error_Handler();
 259:Src/main.c    ****   }
 260:Src/main.c    ****   sMasterConfig.MasterOutputTrigger = TIM_TRGO_RESET;
ARM GAS  /tmp/ccc6GBf8.s 			page 6


 261:Src/main.c    ****   sMasterConfig.MasterSlaveMode = TIM_MASTERSLAVEMODE_DISABLE;
 262:Src/main.c    ****   if (HAL_TIMEx_MasterConfigSynchronization(&htim7, &sMasterConfig) != HAL_OK)
 263:Src/main.c    ****   {
 264:Src/main.c    ****     Error_Handler();
 265:Src/main.c    ****   }
 266:Src/main.c    ****   /* USER CODE BEGIN TIM7_Init 2 */
 267:Src/main.c    **** 
 268:Src/main.c    ****   /* USER CODE END TIM7_Init 2 */
 269:Src/main.c    **** 
 270:Src/main.c    **** }
 271:Src/main.c    **** 
 272:Src/main.c    **** /**
 273:Src/main.c    ****   * @brief USART2 Initialization Function
 274:Src/main.c    ****   * @param None
 275:Src/main.c    ****   * @retval None
 276:Src/main.c    ****   */
 277:Src/main.c    **** static void MX_USART2_UART_Init(void)
 278:Src/main.c    **** {
 279:Src/main.c    **** 
 280:Src/main.c    ****   /* USER CODE BEGIN USART2_Init 0 */
 281:Src/main.c    **** 
 282:Src/main.c    ****   /* USER CODE END USART2_Init 0 */
 283:Src/main.c    **** 
 284:Src/main.c    ****   /* USER CODE BEGIN USART2_Init 1 */
 285:Src/main.c    **** 
 286:Src/main.c    ****   /* USER CODE END USART2_Init 1 */
 287:Src/main.c    ****   huart2.Instance = USART2;
 288:Src/main.c    ****   huart2.Init.BaudRate = 115200;
 289:Src/main.c    ****   huart2.Init.WordLength = UART_WORDLENGTH_8B;
 290:Src/main.c    ****   huart2.Init.StopBits = UART_STOPBITS_1;
 291:Src/main.c    ****   huart2.Init.Parity = UART_PARITY_NONE;
 292:Src/main.c    ****   huart2.Init.Mode = UART_MODE_TX_RX;
 293:Src/main.c    ****   huart2.Init.HwFlowCtl = UART_HWCONTROL_NONE;
 294:Src/main.c    ****   huart2.Init.OverSampling = UART_OVERSAMPLING_16;
 295:Src/main.c    ****   huart2.Init.OneBitSampling = UART_ONE_BIT_SAMPLE_DISABLE;
 296:Src/main.c    ****   huart2.AdvancedInit.AdvFeatureInit = UART_ADVFEATURE_NO_INIT;
 297:Src/main.c    ****   if (HAL_UART_Init(&huart2) != HAL_OK)
 298:Src/main.c    ****   {
 299:Src/main.c    ****     Error_Handler();
 300:Src/main.c    ****   }
 301:Src/main.c    ****   /* USER CODE BEGIN USART2_Init 2 */
 302:Src/main.c    **** 
 303:Src/main.c    ****   /* USER CODE END USART2_Init 2 */
 304:Src/main.c    **** 
 305:Src/main.c    **** }
 306:Src/main.c    **** 
 307:Src/main.c    **** /**
 308:Src/main.c    ****   * @brief GPIO Initialization Function
 309:Src/main.c    ****   * @param None
 310:Src/main.c    ****   * @retval None
 311:Src/main.c    ****   */
 312:Src/main.c    **** static void MX_GPIO_Init(void)
 313:Src/main.c    **** {
  27              		.loc 1 313 1 view -0
  28              		.cfi_startproc
  29              		@ args = 0, pretend = 0, frame = 48
  30              		@ frame_needed = 0, uses_anonymous_args = 0
ARM GAS  /tmp/ccc6GBf8.s 			page 7


  31 0000 2DE9F04F 		push	{r4, r5, r6, r7, r8, r9, r10, fp, lr}
  32              	.LCFI0:
  33              		.cfi_def_cfa_offset 36
  34              		.cfi_offset 4, -36
  35              		.cfi_offset 5, -32
  36              		.cfi_offset 6, -28
  37              		.cfi_offset 7, -24
  38              		.cfi_offset 8, -20
  39              		.cfi_offset 9, -16
  40              		.cfi_offset 10, -12
  41              		.cfi_offset 11, -8
  42              		.cfi_offset 14, -4
  43 0004 8DB0     		sub	sp, sp, #52
  44              	.LCFI1:
  45              		.cfi_def_cfa_offset 88
 314:Src/main.c    ****   GPIO_InitTypeDef GPIO_InitStruct = {0};
  46              		.loc 1 314 3 view .LVU1
  47              		.loc 1 314 20 is_stmt 0 view .LVU2
  48 0006 0024     		movs	r4, #0
  49 0008 0794     		str	r4, [sp, #28]
  50 000a 0894     		str	r4, [sp, #32]
  51 000c 0994     		str	r4, [sp, #36]
  52 000e 0A94     		str	r4, [sp, #40]
  53 0010 0B94     		str	r4, [sp, #44]
 315:Src/main.c    **** 
 316:Src/main.c    ****   /* GPIO Ports Clock Enable */
 317:Src/main.c    ****   __HAL_RCC_GPIOC_CLK_ENABLE();
  54              		.loc 1 317 3 is_stmt 1 view .LVU3
  55              	.LBB2:
  56              		.loc 1 317 3 view .LVU4
  57              		.loc 1 317 3 view .LVU5
  58 0012 704B     		ldr	r3, .L3
  59 0014 1A6B     		ldr	r2, [r3, #48]
  60 0016 42F00402 		orr	r2, r2, #4
  61 001a 1A63     		str	r2, [r3, #48]
  62              		.loc 1 317 3 view .LVU6
  63 001c 1A6B     		ldr	r2, [r3, #48]
  64 001e 02F00402 		and	r2, r2, #4
  65 0022 0192     		str	r2, [sp, #4]
  66              		.loc 1 317 3 view .LVU7
  67 0024 019A     		ldr	r2, [sp, #4]
  68              	.LBE2:
  69              		.loc 1 317 3 view .LVU8
 318:Src/main.c    ****   __HAL_RCC_GPIOH_CLK_ENABLE();
  70              		.loc 1 318 3 view .LVU9
  71              	.LBB3:
  72              		.loc 1 318 3 view .LVU10
  73              		.loc 1 318 3 view .LVU11
  74 0026 1A6B     		ldr	r2, [r3, #48]
  75 0028 42F08002 		orr	r2, r2, #128
  76 002c 1A63     		str	r2, [r3, #48]
  77              		.loc 1 318 3 view .LVU12
  78 002e 1A6B     		ldr	r2, [r3, #48]
  79 0030 02F08002 		and	r2, r2, #128
  80 0034 0292     		str	r2, [sp, #8]
  81              		.loc 1 318 3 view .LVU13
  82 0036 029A     		ldr	r2, [sp, #8]
ARM GAS  /tmp/ccc6GBf8.s 			page 8


  83              	.LBE3:
  84              		.loc 1 318 3 view .LVU14
 319:Src/main.c    ****   __HAL_RCC_GPIOA_CLK_ENABLE();
  85              		.loc 1 319 3 view .LVU15
  86              	.LBB4:
  87              		.loc 1 319 3 view .LVU16
  88              		.loc 1 319 3 view .LVU17
  89 0038 1A6B     		ldr	r2, [r3, #48]
  90 003a 42F00102 		orr	r2, r2, #1
  91 003e 1A63     		str	r2, [r3, #48]
  92              		.loc 1 319 3 view .LVU18
  93 0040 1A6B     		ldr	r2, [r3, #48]
  94 0042 02F00102 		and	r2, r2, #1
  95 0046 0392     		str	r2, [sp, #12]
  96              		.loc 1 319 3 view .LVU19
  97 0048 039A     		ldr	r2, [sp, #12]
  98              	.LBE4:
  99              		.loc 1 319 3 view .LVU20
 320:Src/main.c    ****   __HAL_RCC_GPIOB_CLK_ENABLE();
 100              		.loc 1 320 3 view .LVU21
 101              	.LBB5:
 102              		.loc 1 320 3 view .LVU22
 103              		.loc 1 320 3 view .LVU23
 104 004a 1A6B     		ldr	r2, [r3, #48]
 105 004c 42F00202 		orr	r2, r2, #2
 106 0050 1A63     		str	r2, [r3, #48]
 107              		.loc 1 320 3 view .LVU24
 108 0052 1A6B     		ldr	r2, [r3, #48]
 109 0054 02F00202 		and	r2, r2, #2
 110 0058 0492     		str	r2, [sp, #16]
 111              		.loc 1 320 3 view .LVU25
 112 005a 049A     		ldr	r2, [sp, #16]
 113              	.LBE5:
 114              		.loc 1 320 3 view .LVU26
 321:Src/main.c    ****   __HAL_RCC_GPIOD_CLK_ENABLE();
 115              		.loc 1 321 3 view .LVU27
 116              	.LBB6:
 117              		.loc 1 321 3 view .LVU28
 118              		.loc 1 321 3 view .LVU29
 119 005c 1A6B     		ldr	r2, [r3, #48]
 120 005e 42F00802 		orr	r2, r2, #8
 121 0062 1A63     		str	r2, [r3, #48]
 122              		.loc 1 321 3 view .LVU30
 123 0064 1A6B     		ldr	r2, [r3, #48]
 124 0066 02F00802 		and	r2, r2, #8
 125 006a 0592     		str	r2, [sp, #20]
 126              		.loc 1 321 3 view .LVU31
 127 006c 059A     		ldr	r2, [sp, #20]
 128              	.LBE6:
 129              		.loc 1 321 3 view .LVU32
 322:Src/main.c    ****   __HAL_RCC_GPIOG_CLK_ENABLE();
 130              		.loc 1 322 3 view .LVU33
 131              	.LBB7:
 132              		.loc 1 322 3 view .LVU34
 133              		.loc 1 322 3 view .LVU35
 134 006e 1A6B     		ldr	r2, [r3, #48]
 135 0070 42F04002 		orr	r2, r2, #64
ARM GAS  /tmp/ccc6GBf8.s 			page 9


 136 0074 1A63     		str	r2, [r3, #48]
 137              		.loc 1 322 3 view .LVU36
 138 0076 1B6B     		ldr	r3, [r3, #48]
 139 0078 03F04003 		and	r3, r3, #64
 140 007c 0693     		str	r3, [sp, #24]
 141              		.loc 1 322 3 view .LVU37
 142 007e 069B     		ldr	r3, [sp, #24]
 143              	.LBE7:
 144              		.loc 1 322 3 view .LVU38
 323:Src/main.c    **** 
 324:Src/main.c    ****   /*Configure GPIO pin Output Level */
 325:Src/main.c    ****   HAL_GPIO_WritePin(GPIOB, LD1_Pin|LD3_Pin|LD2_Pin, GPIO_PIN_RESET);
 145              		.loc 1 325 3 view .LVU39
 146 0080 DFF860B1 		ldr	fp, .L3+16
 147 0084 2246     		mov	r2, r4
 148 0086 44F28101 		movw	r1, #16513
 149 008a 5846     		mov	r0, fp
 150 008c FFF7FEFF 		bl	HAL_GPIO_WritePin
 151              	.LVL0:
 326:Src/main.c    **** 
 327:Src/main.c    ****   /*Configure GPIO pin Output Level */
 328:Src/main.c    ****   HAL_GPIO_WritePin(USB_PowerSwitchOn_GPIO_Port, USB_PowerSwitchOn_Pin, GPIO_PIN_RESET);
 152              		.loc 1 328 3 view .LVU40
 153 0090 514F     		ldr	r7, .L3+4
 154 0092 2246     		mov	r2, r4
 155 0094 4021     		movs	r1, #64
 156 0096 3846     		mov	r0, r7
 157 0098 FFF7FEFF 		bl	HAL_GPIO_WritePin
 158              	.LVL1:
 329:Src/main.c    **** 
 330:Src/main.c    ****   /*Configure GPIO pin Output Level */
 331:Src/main.c    ****   HAL_GPIO_WritePin(Clock_GPIO_Port, Clock_Pin, GPIO_PIN_RESET);
 159              		.loc 1 331 3 view .LVU41
 160 009c DFF84891 		ldr	r9, .L3+20
 161 00a0 2246     		mov	r2, r4
 162 00a2 4FF48051 		mov	r1, #4096
 163 00a6 4846     		mov	r0, r9
 164 00a8 FFF7FEFF 		bl	HAL_GPIO_WritePin
 165              	.LVL2:
 332:Src/main.c    **** 
 333:Src/main.c    ****   /*Configure GPIO pin : USER_Btn_Pin */
 334:Src/main.c    ****   GPIO_InitStruct.Pin = USER_Btn_Pin;
 166              		.loc 1 334 3 view .LVU42
 167              		.loc 1 334 23 is_stmt 0 view .LVU43
 168 00ac 4FF40053 		mov	r3, #8192
 169 00b0 0793     		str	r3, [sp, #28]
 335:Src/main.c    ****   GPIO_InitStruct.Mode = GPIO_MODE_IT_RISING;
 170              		.loc 1 335 3 is_stmt 1 view .LVU44
 171              		.loc 1 335 24 is_stmt 0 view .LVU45
 172 00b2 4A4B     		ldr	r3, .L3+8
 173 00b4 0893     		str	r3, [sp, #32]
 336:Src/main.c    ****   GPIO_InitStruct.Pull = GPIO_NOPULL;
 174              		.loc 1 336 3 is_stmt 1 view .LVU46
 175              		.loc 1 336 24 is_stmt 0 view .LVU47
 176 00b6 0994     		str	r4, [sp, #36]
 337:Src/main.c    ****   HAL_GPIO_Init(USER_Btn_GPIO_Port, &GPIO_InitStruct);
 177              		.loc 1 337 3 is_stmt 1 view .LVU48
ARM GAS  /tmp/ccc6GBf8.s 			page 10


 178 00b8 07A9     		add	r1, sp, #28
 179 00ba 4846     		mov	r0, r9
 180 00bc FFF7FEFF 		bl	HAL_GPIO_Init
 181              	.LVL3:
 338:Src/main.c    **** 
 339:Src/main.c    ****   /*Configure GPIO pins : RMII_MDC_Pin RMII_RXD0_Pin RMII_RXD1_Pin */
 340:Src/main.c    ****   GPIO_InitStruct.Pin = RMII_MDC_Pin|RMII_RXD0_Pin|RMII_RXD1_Pin;
 182              		.loc 1 340 3 view .LVU49
 183              		.loc 1 340 23 is_stmt 0 view .LVU50
 184 00c0 3223     		movs	r3, #50
 185 00c2 0793     		str	r3, [sp, #28]
 341:Src/main.c    ****   GPIO_InitStruct.Mode = GPIO_MODE_AF_PP;
 186              		.loc 1 341 3 is_stmt 1 view .LVU51
 187              		.loc 1 341 24 is_stmt 0 view .LVU52
 188 00c4 0226     		movs	r6, #2
 189 00c6 0896     		str	r6, [sp, #32]
 342:Src/main.c    ****   GPIO_InitStruct.Pull = GPIO_NOPULL;
 190              		.loc 1 342 3 is_stmt 1 view .LVU53
 191              		.loc 1 342 24 is_stmt 0 view .LVU54
 192 00c8 0994     		str	r4, [sp, #36]
 343:Src/main.c    ****   GPIO_InitStruct.Speed = GPIO_SPEED_FREQ_VERY_HIGH;
 193              		.loc 1 343 3 is_stmt 1 view .LVU55
 194              		.loc 1 343 25 is_stmt 0 view .LVU56
 195 00ca 0325     		movs	r5, #3
 196 00cc 0A95     		str	r5, [sp, #40]
 344:Src/main.c    ****   GPIO_InitStruct.Alternate = GPIO_AF11_ETH;
 197              		.loc 1 344 3 is_stmt 1 view .LVU57
 198              		.loc 1 344 29 is_stmt 0 view .LVU58
 199 00ce 4FF00B08 		mov	r8, #11
 200 00d2 CDF82C80 		str	r8, [sp, #44]
 345:Src/main.c    ****   HAL_GPIO_Init(GPIOC, &GPIO_InitStruct);
 201              		.loc 1 345 3 is_stmt 1 view .LVU59
 202 00d6 07A9     		add	r1, sp, #28
 203 00d8 4846     		mov	r0, r9
 204 00da FFF7FEFF 		bl	HAL_GPIO_Init
 205              	.LVL4:
 346:Src/main.c    **** 
 347:Src/main.c    ****   /*Configure GPIO pins : RMII_REF_CLK_Pin RMII_MDIO_Pin RMII_CRS_DV_Pin */
 348:Src/main.c    ****   GPIO_InitStruct.Pin = RMII_REF_CLK_Pin|RMII_MDIO_Pin|RMII_CRS_DV_Pin;
 206              		.loc 1 348 3 view .LVU60
 207              		.loc 1 348 23 is_stmt 0 view .LVU61
 208 00de 8623     		movs	r3, #134
 209 00e0 0793     		str	r3, [sp, #28]
 349:Src/main.c    ****   GPIO_InitStruct.Mode = GPIO_MODE_AF_PP;
 210              		.loc 1 349 3 is_stmt 1 view .LVU62
 211              		.loc 1 349 24 is_stmt 0 view .LVU63
 212 00e2 0896     		str	r6, [sp, #32]
 350:Src/main.c    ****   GPIO_InitStruct.Pull = GPIO_NOPULL;
 213              		.loc 1 350 3 is_stmt 1 view .LVU64
 214              		.loc 1 350 24 is_stmt 0 view .LVU65
 215 00e4 0994     		str	r4, [sp, #36]
 351:Src/main.c    ****   GPIO_InitStruct.Speed = GPIO_SPEED_FREQ_VERY_HIGH;
 216              		.loc 1 351 3 is_stmt 1 view .LVU66
 217              		.loc 1 351 25 is_stmt 0 view .LVU67
 218 00e6 0A95     		str	r5, [sp, #40]
 352:Src/main.c    ****   GPIO_InitStruct.Alternate = GPIO_AF11_ETH;
 219              		.loc 1 352 3 is_stmt 1 view .LVU68
ARM GAS  /tmp/ccc6GBf8.s 			page 11


 220              		.loc 1 352 29 is_stmt 0 view .LVU69
 221 00e8 CDF82C80 		str	r8, [sp, #44]
 353:Src/main.c    ****   HAL_GPIO_Init(GPIOA, &GPIO_InitStruct);
 222              		.loc 1 353 3 is_stmt 1 view .LVU70
 223 00ec 07A9     		add	r1, sp, #28
 224 00ee 3C48     		ldr	r0, .L3+12
 225 00f0 FFF7FEFF 		bl	HAL_GPIO_Init
 226              	.LVL5:
 354:Src/main.c    **** 
 355:Src/main.c    ****   /*Configure GPIO pins : LD1_Pin LD3_Pin LD2_Pin */
 356:Src/main.c    ****   GPIO_InitStruct.Pin = LD1_Pin|LD3_Pin|LD2_Pin;
 227              		.loc 1 356 3 view .LVU71
 228              		.loc 1 356 23 is_stmt 0 view .LVU72
 229 00f4 44F28103 		movw	r3, #16513
 230 00f8 0793     		str	r3, [sp, #28]
 357:Src/main.c    ****   GPIO_InitStruct.Mode = GPIO_MODE_OUTPUT_PP;
 231              		.loc 1 357 3 is_stmt 1 view .LVU73
 232              		.loc 1 357 24 is_stmt 0 view .LVU74
 233 00fa 4FF0010A 		mov	r10, #1
 234 00fe CDF820A0 		str	r10, [sp, #32]
 358:Src/main.c    ****   GPIO_InitStruct.Pull = GPIO_NOPULL;
 235              		.loc 1 358 3 is_stmt 1 view .LVU75
 236              		.loc 1 358 24 is_stmt 0 view .LVU76
 237 0102 0994     		str	r4, [sp, #36]
 359:Src/main.c    ****   GPIO_InitStruct.Speed = GPIO_SPEED_FREQ_LOW;
 238              		.loc 1 359 3 is_stmt 1 view .LVU77
 239              		.loc 1 359 25 is_stmt 0 view .LVU78
 240 0104 0A94     		str	r4, [sp, #40]
 360:Src/main.c    ****   HAL_GPIO_Init(GPIOB, &GPIO_InitStruct);
 241              		.loc 1 360 3 is_stmt 1 view .LVU79
 242 0106 07A9     		add	r1, sp, #28
 243 0108 5846     		mov	r0, fp
 244 010a FFF7FEFF 		bl	HAL_GPIO_Init
 245              	.LVL6:
 361:Src/main.c    **** 
 362:Src/main.c    ****   /*Configure GPIO pin : RMII_TXD1_Pin */
 363:Src/main.c    ****   GPIO_InitStruct.Pin = RMII_TXD1_Pin;
 246              		.loc 1 363 3 view .LVU80
 247              		.loc 1 363 23 is_stmt 0 view .LVU81
 248 010e 4FF40053 		mov	r3, #8192
 249 0112 0793     		str	r3, [sp, #28]
 364:Src/main.c    ****   GPIO_InitStruct.Mode = GPIO_MODE_AF_PP;
 250              		.loc 1 364 3 is_stmt 1 view .LVU82
 251              		.loc 1 364 24 is_stmt 0 view .LVU83
 252 0114 0896     		str	r6, [sp, #32]
 365:Src/main.c    ****   GPIO_InitStruct.Pull = GPIO_NOPULL;
 253              		.loc 1 365 3 is_stmt 1 view .LVU84
 254              		.loc 1 365 24 is_stmt 0 view .LVU85
 255 0116 0994     		str	r4, [sp, #36]
 366:Src/main.c    ****   GPIO_InitStruct.Speed = GPIO_SPEED_FREQ_VERY_HIGH;
 256              		.loc 1 366 3 is_stmt 1 view .LVU86
 257              		.loc 1 366 25 is_stmt 0 view .LVU87
 258 0118 0A95     		str	r5, [sp, #40]
 367:Src/main.c    ****   GPIO_InitStruct.Alternate = GPIO_AF11_ETH;
 259              		.loc 1 367 3 is_stmt 1 view .LVU88
 260              		.loc 1 367 29 is_stmt 0 view .LVU89
 261 011a CDF82C80 		str	r8, [sp, #44]
ARM GAS  /tmp/ccc6GBf8.s 			page 12


 368:Src/main.c    ****   HAL_GPIO_Init(RMII_TXD1_GPIO_Port, &GPIO_InitStruct);
 262              		.loc 1 368 3 is_stmt 1 view .LVU90
 263 011e 07A9     		add	r1, sp, #28
 264 0120 5846     		mov	r0, fp
 265 0122 FFF7FEFF 		bl	HAL_GPIO_Init
 266              	.LVL7:
 369:Src/main.c    **** 
 370:Src/main.c    ****   /*Configure GPIO pins : STLK_RX_Pin STLK_TX_Pin */
 371:Src/main.c    ****   GPIO_InitStruct.Pin = STLK_RX_Pin|STLK_TX_Pin;
 267              		.loc 1 371 3 view .LVU91
 268              		.loc 1 371 23 is_stmt 0 view .LVU92
 269 0126 4FF44073 		mov	r3, #768
 270 012a 0793     		str	r3, [sp, #28]
 372:Src/main.c    ****   GPIO_InitStruct.Mode = GPIO_MODE_AF_PP;
 271              		.loc 1 372 3 is_stmt 1 view .LVU93
 272              		.loc 1 372 24 is_stmt 0 view .LVU94
 273 012c 0896     		str	r6, [sp, #32]
 373:Src/main.c    ****   GPIO_InitStruct.Pull = GPIO_NOPULL;
 274              		.loc 1 373 3 is_stmt 1 view .LVU95
 275              		.loc 1 373 24 is_stmt 0 view .LVU96
 276 012e 0994     		str	r4, [sp, #36]
 374:Src/main.c    ****   GPIO_InitStruct.Speed = GPIO_SPEED_FREQ_VERY_HIGH;
 277              		.loc 1 374 3 is_stmt 1 view .LVU97
 278              		.loc 1 374 25 is_stmt 0 view .LVU98
 279 0130 0A95     		str	r5, [sp, #40]
 375:Src/main.c    ****   GPIO_InitStruct.Alternate = GPIO_AF7_USART3;
 280              		.loc 1 375 3 is_stmt 1 view .LVU99
 281              		.loc 1 375 29 is_stmt 0 view .LVU100
 282 0132 0723     		movs	r3, #7
 283 0134 0B93     		str	r3, [sp, #44]
 376:Src/main.c    ****   HAL_GPIO_Init(GPIOD, &GPIO_InitStruct);
 284              		.loc 1 376 3 is_stmt 1 view .LVU101
 285 0136 0BF5006B 		add	fp, fp, #2048
 286 013a 07A9     		add	r1, sp, #28
 287 013c 5846     		mov	r0, fp
 288 013e FFF7FEFF 		bl	HAL_GPIO_Init
 289              	.LVL8:
 377:Src/main.c    **** 
 378:Src/main.c    ****   /*Configure GPIO pin : USB_PowerSwitchOn_Pin */
 379:Src/main.c    ****   GPIO_InitStruct.Pin = USB_PowerSwitchOn_Pin;
 290              		.loc 1 379 3 view .LVU102
 291              		.loc 1 379 23 is_stmt 0 view .LVU103
 292 0142 4023     		movs	r3, #64
 293 0144 0793     		str	r3, [sp, #28]
 380:Src/main.c    ****   GPIO_InitStruct.Mode = GPIO_MODE_OUTPUT_PP;
 294              		.loc 1 380 3 is_stmt 1 view .LVU104
 295              		.loc 1 380 24 is_stmt 0 view .LVU105
 296 0146 CDF820A0 		str	r10, [sp, #32]
 381:Src/main.c    ****   GPIO_InitStruct.Pull = GPIO_NOPULL;
 297              		.loc 1 381 3 is_stmt 1 view .LVU106
 298              		.loc 1 381 24 is_stmt 0 view .LVU107
 299 014a 0994     		str	r4, [sp, #36]
 382:Src/main.c    ****   GPIO_InitStruct.Speed = GPIO_SPEED_FREQ_LOW;
 300              		.loc 1 382 3 is_stmt 1 view .LVU108
 301              		.loc 1 382 25 is_stmt 0 view .LVU109
 302 014c 0A94     		str	r4, [sp, #40]
 383:Src/main.c    ****   HAL_GPIO_Init(USB_PowerSwitchOn_GPIO_Port, &GPIO_InitStruct);
ARM GAS  /tmp/ccc6GBf8.s 			page 13


 303              		.loc 1 383 3 is_stmt 1 view .LVU110
 304 014e 07A9     		add	r1, sp, #28
 305 0150 3846     		mov	r0, r7
 306 0152 FFF7FEFF 		bl	HAL_GPIO_Init
 307              	.LVL9:
 384:Src/main.c    **** 
 385:Src/main.c    ****   /*Configure GPIO pin : USB_OverCurrent_Pin */
 386:Src/main.c    ****   GPIO_InitStruct.Pin = USB_OverCurrent_Pin;
 308              		.loc 1 386 3 view .LVU111
 309              		.loc 1 386 23 is_stmt 0 view .LVU112
 310 0156 8023     		movs	r3, #128
 311 0158 0793     		str	r3, [sp, #28]
 387:Src/main.c    ****   GPIO_InitStruct.Mode = GPIO_MODE_INPUT;
 312              		.loc 1 387 3 is_stmt 1 view .LVU113
 313              		.loc 1 387 24 is_stmt 0 view .LVU114
 314 015a 0894     		str	r4, [sp, #32]
 388:Src/main.c    ****   GPIO_InitStruct.Pull = GPIO_NOPULL;
 315              		.loc 1 388 3 is_stmt 1 view .LVU115
 316              		.loc 1 388 24 is_stmt 0 view .LVU116
 317 015c 0994     		str	r4, [sp, #36]
 389:Src/main.c    ****   HAL_GPIO_Init(USB_OverCurrent_GPIO_Port, &GPIO_InitStruct);
 318              		.loc 1 389 3 is_stmt 1 view .LVU117
 319 015e 07A9     		add	r1, sp, #28
 320 0160 3846     		mov	r0, r7
 321 0162 FFF7FEFF 		bl	HAL_GPIO_Init
 322              	.LVL10:
 390:Src/main.c    **** 
 391:Src/main.c    ****   /*Configure GPIO pins : USB_SOF_Pin USB_ID_Pin USB_DM_Pin USB_DP_Pin */
 392:Src/main.c    ****   GPIO_InitStruct.Pin = USB_SOF_Pin|USB_ID_Pin|USB_DM_Pin|USB_DP_Pin;
 323              		.loc 1 392 3 view .LVU118
 324              		.loc 1 392 23 is_stmt 0 view .LVU119
 325 0166 4FF4E853 		mov	r3, #7424
 326 016a 0793     		str	r3, [sp, #28]
 393:Src/main.c    ****   GPIO_InitStruct.Mode = GPIO_MODE_AF_PP;
 327              		.loc 1 393 3 is_stmt 1 view .LVU120
 328              		.loc 1 393 24 is_stmt 0 view .LVU121
 329 016c 0896     		str	r6, [sp, #32]
 394:Src/main.c    ****   GPIO_InitStruct.Pull = GPIO_NOPULL;
 330              		.loc 1 394 3 is_stmt 1 view .LVU122
 331              		.loc 1 394 24 is_stmt 0 view .LVU123
 332 016e 0994     		str	r4, [sp, #36]
 395:Src/main.c    ****   GPIO_InitStruct.Speed = GPIO_SPEED_FREQ_VERY_HIGH;
 333              		.loc 1 395 3 is_stmt 1 view .LVU124
 334              		.loc 1 395 25 is_stmt 0 view .LVU125
 335 0170 0A95     		str	r5, [sp, #40]
 396:Src/main.c    ****   GPIO_InitStruct.Alternate = GPIO_AF10_OTG_FS;
 336              		.loc 1 396 3 is_stmt 1 view .LVU126
 337              		.loc 1 396 29 is_stmt 0 view .LVU127
 338 0172 0A23     		movs	r3, #10
 339 0174 0B93     		str	r3, [sp, #44]
 397:Src/main.c    ****   HAL_GPIO_Init(GPIOA, &GPIO_InitStruct);
 340              		.loc 1 397 3 is_stmt 1 view .LVU128
 341 0176 07A9     		add	r1, sp, #28
 342 0178 1948     		ldr	r0, .L3+12
 343 017a FFF7FEFF 		bl	HAL_GPIO_Init
 344              	.LVL11:
 398:Src/main.c    **** 
ARM GAS  /tmp/ccc6GBf8.s 			page 14


 399:Src/main.c    ****   /*Configure GPIO pin : USB_VBUS_Pin */
 400:Src/main.c    ****   GPIO_InitStruct.Pin = USB_VBUS_Pin;
 345              		.loc 1 400 3 view .LVU129
 346              		.loc 1 400 23 is_stmt 0 view .LVU130
 347 017e 4FF40073 		mov	r3, #512
 348 0182 0793     		str	r3, [sp, #28]
 401:Src/main.c    ****   GPIO_InitStruct.Mode = GPIO_MODE_INPUT;
 349              		.loc 1 401 3 is_stmt 1 view .LVU131
 350              		.loc 1 401 24 is_stmt 0 view .LVU132
 351 0184 0894     		str	r4, [sp, #32]
 402:Src/main.c    ****   GPIO_InitStruct.Pull = GPIO_NOPULL;
 352              		.loc 1 402 3 is_stmt 1 view .LVU133
 353              		.loc 1 402 24 is_stmt 0 view .LVU134
 354 0186 0994     		str	r4, [sp, #36]
 403:Src/main.c    ****   HAL_GPIO_Init(USB_VBUS_GPIO_Port, &GPIO_InitStruct);
 355              		.loc 1 403 3 is_stmt 1 view .LVU135
 356 0188 07A9     		add	r1, sp, #28
 357 018a 1548     		ldr	r0, .L3+12
 358 018c FFF7FEFF 		bl	HAL_GPIO_Init
 359              	.LVL12:
 404:Src/main.c    **** 
 405:Src/main.c    ****   /*Configure GPIO pin : Clock_Pin */
 406:Src/main.c    ****   GPIO_InitStruct.Pin = Clock_Pin;
 360              		.loc 1 406 3 view .LVU136
 361              		.loc 1 406 23 is_stmt 0 view .LVU137
 362 0190 4FF48053 		mov	r3, #4096
 363 0194 0793     		str	r3, [sp, #28]
 407:Src/main.c    ****   GPIO_InitStruct.Mode = GPIO_MODE_OUTPUT_PP;
 364              		.loc 1 407 3 is_stmt 1 view .LVU138
 365              		.loc 1 407 24 is_stmt 0 view .LVU139
 366 0196 CDF820A0 		str	r10, [sp, #32]
 408:Src/main.c    ****   GPIO_InitStruct.Pull = GPIO_NOPULL;
 367              		.loc 1 408 3 is_stmt 1 view .LVU140
 368              		.loc 1 408 24 is_stmt 0 view .LVU141
 369 019a 0994     		str	r4, [sp, #36]
 409:Src/main.c    ****   GPIO_InitStruct.Speed = GPIO_SPEED_FREQ_VERY_HIGH;
 370              		.loc 1 409 3 is_stmt 1 view .LVU142
 371              		.loc 1 409 25 is_stmt 0 view .LVU143
 372 019c 0A95     		str	r5, [sp, #40]
 410:Src/main.c    ****   HAL_GPIO_Init(Clock_GPIO_Port, &GPIO_InitStruct);
 373              		.loc 1 410 3 is_stmt 1 view .LVU144
 374 019e 07A9     		add	r1, sp, #28
 375 01a0 4846     		mov	r0, r9
 376 01a2 FFF7FEFF 		bl	HAL_GPIO_Init
 377              	.LVL13:
 411:Src/main.c    **** 
 412:Src/main.c    ****   /*Configure GPIO pin : Data_Pin */
 413:Src/main.c    ****   GPIO_InitStruct.Pin = Data_Pin;
 378              		.loc 1 413 3 view .LVU145
 379              		.loc 1 413 23 is_stmt 0 view .LVU146
 380 01a6 0423     		movs	r3, #4
 381 01a8 0793     		str	r3, [sp, #28]
 414:Src/main.c    ****   GPIO_InitStruct.Mode = GPIO_MODE_INPUT;
 382              		.loc 1 414 3 is_stmt 1 view .LVU147
 383              		.loc 1 414 24 is_stmt 0 view .LVU148
 384 01aa 0894     		str	r4, [sp, #32]
 415:Src/main.c    ****   GPIO_InitStruct.Pull = GPIO_NOPULL;
ARM GAS  /tmp/ccc6GBf8.s 			page 15


 385              		.loc 1 415 3 is_stmt 1 view .LVU149
 386              		.loc 1 415 24 is_stmt 0 view .LVU150
 387 01ac 0994     		str	r4, [sp, #36]
 416:Src/main.c    ****   HAL_GPIO_Init(Data_GPIO_Port, &GPIO_InitStruct);
 388              		.loc 1 416 3 is_stmt 1 view .LVU151
 389 01ae 07A9     		add	r1, sp, #28
 390 01b0 5846     		mov	r0, fp
 391 01b2 FFF7FEFF 		bl	HAL_GPIO_Init
 392              	.LVL14:
 417:Src/main.c    **** 
 418:Src/main.c    ****   /*Configure GPIO pins : RMII_TX_EN_Pin RMII_TXD0_Pin */
 419:Src/main.c    ****   GPIO_InitStruct.Pin = RMII_TX_EN_Pin|RMII_TXD0_Pin;
 393              		.loc 1 419 3 view .LVU152
 394              		.loc 1 419 23 is_stmt 0 view .LVU153
 395 01b6 4FF42053 		mov	r3, #10240
 396 01ba 0793     		str	r3, [sp, #28]
 420:Src/main.c    ****   GPIO_InitStruct.Mode = GPIO_MODE_AF_PP;
 397              		.loc 1 420 3 is_stmt 1 view .LVU154
 398              		.loc 1 420 24 is_stmt 0 view .LVU155
 399 01bc 0896     		str	r6, [sp, #32]
 421:Src/main.c    ****   GPIO_InitStruct.Pull = GPIO_NOPULL;
 400              		.loc 1 421 3 is_stmt 1 view .LVU156
 401              		.loc 1 421 24 is_stmt 0 view .LVU157
 402 01be 0994     		str	r4, [sp, #36]
 422:Src/main.c    ****   GPIO_InitStruct.Speed = GPIO_SPEED_FREQ_VERY_HIGH;
 403              		.loc 1 422 3 is_stmt 1 view .LVU158
 404              		.loc 1 422 25 is_stmt 0 view .LVU159
 405 01c0 0A95     		str	r5, [sp, #40]
 423:Src/main.c    ****   GPIO_InitStruct.Alternate = GPIO_AF11_ETH;
 406              		.loc 1 423 3 is_stmt 1 view .LVU160
 407              		.loc 1 423 29 is_stmt 0 view .LVU161
 408 01c2 CDF82C80 		str	r8, [sp, #44]
 424:Src/main.c    ****   HAL_GPIO_Init(GPIOG, &GPIO_InitStruct);
 409              		.loc 1 424 3 is_stmt 1 view .LVU162
 410 01c6 07A9     		add	r1, sp, #28
 411 01c8 3846     		mov	r0, r7
 412 01ca FFF7FEFF 		bl	HAL_GPIO_Init
 413              	.LVL15:
 425:Src/main.c    **** 
 426:Src/main.c    **** }
 414              		.loc 1 426 1 is_stmt 0 view .LVU163
 415 01ce 0DB0     		add	sp, sp, #52
 416              	.LCFI2:
 417              		.cfi_def_cfa_offset 36
 418              		@ sp needed
 419 01d0 BDE8F08F 		pop	{r4, r5, r6, r7, r8, r9, r10, fp, pc}
 420              	.L4:
 421              		.align	2
 422              	.L3:
 423 01d4 00380240 		.word	1073887232
 424 01d8 00180240 		.word	1073879040
 425 01dc 00001110 		.word	269549568
 426 01e0 00000240 		.word	1073872896
 427 01e4 00040240 		.word	1073873920
 428 01e8 00080240 		.word	1073874944
 429              		.cfi_endproc
 430              	.LFE146:
ARM GAS  /tmp/ccc6GBf8.s 			page 16


 432              		.section	.text.MX_USART2_UART_Init,"ax",%progbits
 433              		.align	1
 434              		.syntax unified
 435              		.thumb
 436              		.thumb_func
 437              		.fpu fpv5-d16
 439              	MX_USART2_UART_Init:
 440              	.LFB145:
 278:Src/main.c    **** 
 441              		.loc 1 278 1 is_stmt 1 view -0
 442              		.cfi_startproc
 443              		@ args = 0, pretend = 0, frame = 0
 444              		@ frame_needed = 0, uses_anonymous_args = 0
 445 0000 08B5     		push	{r3, lr}
 446              	.LCFI3:
 447              		.cfi_def_cfa_offset 8
 448              		.cfi_offset 3, -8
 449              		.cfi_offset 14, -4
 287:Src/main.c    ****   huart2.Init.BaudRate = 115200;
 450              		.loc 1 287 3 view .LVU165
 287:Src/main.c    ****   huart2.Init.BaudRate = 115200;
 451              		.loc 1 287 19 is_stmt 0 view .LVU166
 452 0002 0948     		ldr	r0, .L7
 453 0004 094B     		ldr	r3, .L7+4
 454 0006 0360     		str	r3, [r0]
 288:Src/main.c    ****   huart2.Init.WordLength = UART_WORDLENGTH_8B;
 455              		.loc 1 288 3 is_stmt 1 view .LVU167
 288:Src/main.c    ****   huart2.Init.WordLength = UART_WORDLENGTH_8B;
 456              		.loc 1 288 24 is_stmt 0 view .LVU168
 457 0008 4FF4E133 		mov	r3, #115200
 458 000c 4360     		str	r3, [r0, #4]
 289:Src/main.c    ****   huart2.Init.StopBits = UART_STOPBITS_1;
 459              		.loc 1 289 3 is_stmt 1 view .LVU169
 289:Src/main.c    ****   huart2.Init.StopBits = UART_STOPBITS_1;
 460              		.loc 1 289 26 is_stmt 0 view .LVU170
 461 000e 0023     		movs	r3, #0
 462 0010 8360     		str	r3, [r0, #8]
 290:Src/main.c    ****   huart2.Init.Parity = UART_PARITY_NONE;
 463              		.loc 1 290 3 is_stmt 1 view .LVU171
 290:Src/main.c    ****   huart2.Init.Parity = UART_PARITY_NONE;
 464              		.loc 1 290 24 is_stmt 0 view .LVU172
 465 0012 C360     		str	r3, [r0, #12]
 291:Src/main.c    ****   huart2.Init.Mode = UART_MODE_TX_RX;
 466              		.loc 1 291 3 is_stmt 1 view .LVU173
 291:Src/main.c    ****   huart2.Init.Mode = UART_MODE_TX_RX;
 467              		.loc 1 291 22 is_stmt 0 view .LVU174
 468 0014 0361     		str	r3, [r0, #16]
 292:Src/main.c    ****   huart2.Init.HwFlowCtl = UART_HWCONTROL_NONE;
 469              		.loc 1 292 3 is_stmt 1 view .LVU175
 292:Src/main.c    ****   huart2.Init.HwFlowCtl = UART_HWCONTROL_NONE;
 470              		.loc 1 292 20 is_stmt 0 view .LVU176
 471 0016 0C22     		movs	r2, #12
 472 0018 4261     		str	r2, [r0, #20]
 293:Src/main.c    ****   huart2.Init.OverSampling = UART_OVERSAMPLING_16;
 473              		.loc 1 293 3 is_stmt 1 view .LVU177
 293:Src/main.c    ****   huart2.Init.OverSampling = UART_OVERSAMPLING_16;
 474              		.loc 1 293 25 is_stmt 0 view .LVU178
ARM GAS  /tmp/ccc6GBf8.s 			page 17


 475 001a 8361     		str	r3, [r0, #24]
 294:Src/main.c    ****   huart2.Init.OneBitSampling = UART_ONE_BIT_SAMPLE_DISABLE;
 476              		.loc 1 294 3 is_stmt 1 view .LVU179
 294:Src/main.c    ****   huart2.Init.OneBitSampling = UART_ONE_BIT_SAMPLE_DISABLE;
 477              		.loc 1 294 28 is_stmt 0 view .LVU180
 478 001c C361     		str	r3, [r0, #28]
 295:Src/main.c    ****   huart2.AdvancedInit.AdvFeatureInit = UART_ADVFEATURE_NO_INIT;
 479              		.loc 1 295 3 is_stmt 1 view .LVU181
 295:Src/main.c    ****   huart2.AdvancedInit.AdvFeatureInit = UART_ADVFEATURE_NO_INIT;
 480              		.loc 1 295 30 is_stmt 0 view .LVU182
 481 001e 0362     		str	r3, [r0, #32]
 296:Src/main.c    ****   if (HAL_UART_Init(&huart2) != HAL_OK)
 482              		.loc 1 296 3 is_stmt 1 view .LVU183
 296:Src/main.c    ****   if (HAL_UART_Init(&huart2) != HAL_OK)
 483              		.loc 1 296 38 is_stmt 0 view .LVU184
 484 0020 4362     		str	r3, [r0, #36]
 297:Src/main.c    ****   {
 485              		.loc 1 297 3 is_stmt 1 view .LVU185
 297:Src/main.c    ****   {
 486              		.loc 1 297 7 is_stmt 0 view .LVU186
 487 0022 FFF7FEFF 		bl	HAL_UART_Init
 488              	.LVL16:
 305:Src/main.c    **** 
 489              		.loc 1 305 1 view .LVU187
 490 0026 08BD     		pop	{r3, pc}
 491              	.L8:
 492              		.align	2
 493              	.L7:
 494 0028 00000000 		.word	huart2
 495 002c 00440040 		.word	1073759232
 496              		.cfi_endproc
 497              	.LFE145:
 499              		.section	.text.MX_TIM6_Init,"ax",%progbits
 500              		.align	1
 501              		.syntax unified
 502              		.thumb
 503              		.thumb_func
 504              		.fpu fpv5-d16
 506              	MX_TIM6_Init:
 507              	.LFB143:
 202:Src/main.c    **** 
 508              		.loc 1 202 1 is_stmt 1 view -0
 509              		.cfi_startproc
 510              		@ args = 0, pretend = 0, frame = 16
 511              		@ frame_needed = 0, uses_anonymous_args = 0
 512 0000 30B5     		push	{r4, r5, lr}
 513              	.LCFI4:
 514              		.cfi_def_cfa_offset 12
 515              		.cfi_offset 4, -12
 516              		.cfi_offset 5, -8
 517              		.cfi_offset 14, -4
 518 0002 85B0     		sub	sp, sp, #20
 519              	.LCFI5:
 520              		.cfi_def_cfa_offset 32
 208:Src/main.c    **** 
 521              		.loc 1 208 3 view .LVU189
 208:Src/main.c    **** 
ARM GAS  /tmp/ccc6GBf8.s 			page 18


 522              		.loc 1 208 27 is_stmt 0 view .LVU190
 523 0004 0025     		movs	r5, #0
 524 0006 0195     		str	r5, [sp, #4]
 525 0008 0295     		str	r5, [sp, #8]
 526 000a 0395     		str	r5, [sp, #12]
 213:Src/main.c    ****   htim6.Init.Prescaler = 215;
 527              		.loc 1 213 3 is_stmt 1 view .LVU191
 213:Src/main.c    ****   htim6.Init.Prescaler = 215;
 528              		.loc 1 213 18 is_stmt 0 view .LVU192
 529 000c 0A4C     		ldr	r4, .L11
 530 000e 0B4B     		ldr	r3, .L11+4
 531 0010 2360     		str	r3, [r4]
 214:Src/main.c    ****   htim6.Init.CounterMode = TIM_COUNTERMODE_UP;
 532              		.loc 1 214 3 is_stmt 1 view .LVU193
 214:Src/main.c    ****   htim6.Init.CounterMode = TIM_COUNTERMODE_UP;
 533              		.loc 1 214 24 is_stmt 0 view .LVU194
 534 0012 D723     		movs	r3, #215
 535 0014 6360     		str	r3, [r4, #4]
 215:Src/main.c    ****   htim6.Init.Period = 3;
 536              		.loc 1 215 3 is_stmt 1 view .LVU195
 215:Src/main.c    ****   htim6.Init.Period = 3;
 537              		.loc 1 215 26 is_stmt 0 view .LVU196
 538 0016 A560     		str	r5, [r4, #8]
 216:Src/main.c    ****   htim6.Init.AutoReloadPreload = TIM_AUTORELOAD_PRELOAD_ENABLE;
 539              		.loc 1 216 3 is_stmt 1 view .LVU197
 216:Src/main.c    ****   htim6.Init.AutoReloadPreload = TIM_AUTORELOAD_PRELOAD_ENABLE;
 540              		.loc 1 216 21 is_stmt 0 view .LVU198
 541 0018 0323     		movs	r3, #3
 542 001a E360     		str	r3, [r4, #12]
 217:Src/main.c    ****   if (HAL_TIM_Base_Init(&htim6) != HAL_OK)
 543              		.loc 1 217 3 is_stmt 1 view .LVU199
 217:Src/main.c    ****   if (HAL_TIM_Base_Init(&htim6) != HAL_OK)
 544              		.loc 1 217 32 is_stmt 0 view .LVU200
 545 001c 8023     		movs	r3, #128
 546 001e A361     		str	r3, [r4, #24]
 218:Src/main.c    ****   {
 547              		.loc 1 218 3 is_stmt 1 view .LVU201
 218:Src/main.c    ****   {
 548              		.loc 1 218 7 is_stmt 0 view .LVU202
 549 0020 2046     		mov	r0, r4
 550 0022 FFF7FEFF 		bl	HAL_TIM_Base_Init
 551              	.LVL17:
 222:Src/main.c    ****   sMasterConfig.MasterSlaveMode = TIM_MASTERSLAVEMODE_DISABLE;
 552              		.loc 1 222 3 is_stmt 1 view .LVU203
 222:Src/main.c    ****   sMasterConfig.MasterSlaveMode = TIM_MASTERSLAVEMODE_DISABLE;
 553              		.loc 1 222 37 is_stmt 0 view .LVU204
 554 0026 0195     		str	r5, [sp, #4]
 223:Src/main.c    ****   if (HAL_TIMEx_MasterConfigSynchronization(&htim6, &sMasterConfig) != HAL_OK)
 555              		.loc 1 223 3 is_stmt 1 view .LVU205
 223:Src/main.c    ****   if (HAL_TIMEx_MasterConfigSynchronization(&htim6, &sMasterConfig) != HAL_OK)
 556              		.loc 1 223 33 is_stmt 0 view .LVU206
 557 0028 0395     		str	r5, [sp, #12]
 224:Src/main.c    ****   {
 558              		.loc 1 224 3 is_stmt 1 view .LVU207
 224:Src/main.c    ****   {
 559              		.loc 1 224 7 is_stmt 0 view .LVU208
 560 002a 01A9     		add	r1, sp, #4
ARM GAS  /tmp/ccc6GBf8.s 			page 19


 561 002c 2046     		mov	r0, r4
 562 002e FFF7FEFF 		bl	HAL_TIMEx_MasterConfigSynchronization
 563              	.LVL18:
 232:Src/main.c    **** 
 564              		.loc 1 232 1 view .LVU209
 565 0032 05B0     		add	sp, sp, #20
 566              	.LCFI6:
 567              		.cfi_def_cfa_offset 12
 568              		@ sp needed
 569 0034 30BD     		pop	{r4, r5, pc}
 570              	.L12:
 571 0036 00BF     		.align	2
 572              	.L11:
 573 0038 00000000 		.word	htim6
 574 003c 00100040 		.word	1073745920
 575              		.cfi_endproc
 576              	.LFE143:
 578              		.section	.text.MX_TIM7_Init,"ax",%progbits
 579              		.align	1
 580              		.syntax unified
 581              		.thumb
 582              		.thumb_func
 583              		.fpu fpv5-d16
 585              	MX_TIM7_Init:
 586              	.LFB144:
 240:Src/main.c    **** 
 587              		.loc 1 240 1 is_stmt 1 view -0
 588              		.cfi_startproc
 589              		@ args = 0, pretend = 0, frame = 16
 590              		@ frame_needed = 0, uses_anonymous_args = 0
 591 0000 30B5     		push	{r4, r5, lr}
 592              	.LCFI7:
 593              		.cfi_def_cfa_offset 12
 594              		.cfi_offset 4, -12
 595              		.cfi_offset 5, -8
 596              		.cfi_offset 14, -4
 597 0002 85B0     		sub	sp, sp, #20
 598              	.LCFI8:
 599              		.cfi_def_cfa_offset 32
 246:Src/main.c    **** 
 600              		.loc 1 246 3 view .LVU211
 246:Src/main.c    **** 
 601              		.loc 1 246 27 is_stmt 0 view .LVU212
 602 0004 0025     		movs	r5, #0
 603 0006 0195     		str	r5, [sp, #4]
 604 0008 0295     		str	r5, [sp, #8]
 605 000a 0395     		str	r5, [sp, #12]
 251:Src/main.c    ****   htim7.Init.Prescaler = 59999;
 606              		.loc 1 251 3 is_stmt 1 view .LVU213
 251:Src/main.c    ****   htim7.Init.Prescaler = 59999;
 607              		.loc 1 251 18 is_stmt 0 view .LVU214
 608 000c 0A4C     		ldr	r4, .L15
 609 000e 0B4B     		ldr	r3, .L15+4
 610 0010 2360     		str	r3, [r4]
 252:Src/main.c    ****   htim7.Init.CounterMode = TIM_COUNTERMODE_UP;
 611              		.loc 1 252 3 is_stmt 1 view .LVU215
 252:Src/main.c    ****   htim7.Init.CounterMode = TIM_COUNTERMODE_UP;
ARM GAS  /tmp/ccc6GBf8.s 			page 20


 612              		.loc 1 252 24 is_stmt 0 view .LVU216
 613 0012 4EF65F23 		movw	r3, #59999
 614 0016 6360     		str	r3, [r4, #4]
 253:Src/main.c    ****   htim7.Init.Period = 1799;
 615              		.loc 1 253 3 is_stmt 1 view .LVU217
 253:Src/main.c    ****   htim7.Init.Period = 1799;
 616              		.loc 1 253 26 is_stmt 0 view .LVU218
 617 0018 A560     		str	r5, [r4, #8]
 254:Src/main.c    ****   htim7.Init.AutoReloadPreload = TIM_AUTORELOAD_PRELOAD_DISABLE;
 618              		.loc 1 254 3 is_stmt 1 view .LVU219
 254:Src/main.c    ****   htim7.Init.AutoReloadPreload = TIM_AUTORELOAD_PRELOAD_DISABLE;
 619              		.loc 1 254 21 is_stmt 0 view .LVU220
 620 001a 40F20773 		movw	r3, #1799
 621 001e E360     		str	r3, [r4, #12]
 255:Src/main.c    ****   if (HAL_TIM_Base_Init(&htim7) != HAL_OK)
 622              		.loc 1 255 3 is_stmt 1 view .LVU221
 255:Src/main.c    ****   if (HAL_TIM_Base_Init(&htim7) != HAL_OK)
 623              		.loc 1 255 32 is_stmt 0 view .LVU222
 624 0020 A561     		str	r5, [r4, #24]
 256:Src/main.c    ****   {
 625              		.loc 1 256 3 is_stmt 1 view .LVU223
 256:Src/main.c    ****   {
 626              		.loc 1 256 7 is_stmt 0 view .LVU224
 627 0022 2046     		mov	r0, r4
 628 0024 FFF7FEFF 		bl	HAL_TIM_Base_Init
 629              	.LVL19:
 260:Src/main.c    ****   sMasterConfig.MasterSlaveMode = TIM_MASTERSLAVEMODE_DISABLE;
 630              		.loc 1 260 3 is_stmt 1 view .LVU225
 260:Src/main.c    ****   sMasterConfig.MasterSlaveMode = TIM_MASTERSLAVEMODE_DISABLE;
 631              		.loc 1 260 37 is_stmt 0 view .LVU226
 632 0028 0195     		str	r5, [sp, #4]
 261:Src/main.c    ****   if (HAL_TIMEx_MasterConfigSynchronization(&htim7, &sMasterConfig) != HAL_OK)
 633              		.loc 1 261 3 is_stmt 1 view .LVU227
 261:Src/main.c    ****   if (HAL_TIMEx_MasterConfigSynchronization(&htim7, &sMasterConfig) != HAL_OK)
 634              		.loc 1 261 33 is_stmt 0 view .LVU228
 635 002a 0395     		str	r5, [sp, #12]
 262:Src/main.c    ****   {
 636              		.loc 1 262 3 is_stmt 1 view .LVU229
 262:Src/main.c    ****   {
 637              		.loc 1 262 7 is_stmt 0 view .LVU230
 638 002c 01A9     		add	r1, sp, #4
 639 002e 2046     		mov	r0, r4
 640 0030 FFF7FEFF 		bl	HAL_TIMEx_MasterConfigSynchronization
 641              	.LVL20:
 270:Src/main.c    **** 
 642              		.loc 1 270 1 view .LVU231
 643 0034 05B0     		add	sp, sp, #20
 644              	.LCFI9:
 645              		.cfi_def_cfa_offset 12
 646              		@ sp needed
 647 0036 30BD     		pop	{r4, r5, pc}
 648              	.L16:
 649              		.align	2
 650              	.L15:
 651 0038 00000000 		.word	htim7
 652 003c 00140040 		.word	1073746944
 653              		.cfi_endproc
ARM GAS  /tmp/ccc6GBf8.s 			page 21


 654              	.LFE144:
 656              		.section	.text.SystemClock_Config,"ax",%progbits
 657              		.align	1
 658              		.global	SystemClock_Config
 659              		.syntax unified
 660              		.thumb
 661              		.thumb_func
 662              		.fpu fpv5-d16
 664              	SystemClock_Config:
 665              	.LFB142:
 143:Src/main.c    ****   RCC_OscInitTypeDef RCC_OscInitStruct = {0};
 666              		.loc 1 143 1 is_stmt 1 view -0
 667              		.cfi_startproc
 668              		@ args = 0, pretend = 0, frame = 224
 669              		@ frame_needed = 0, uses_anonymous_args = 0
 670 0000 30B5     		push	{r4, r5, lr}
 671              	.LCFI10:
 672              		.cfi_def_cfa_offset 12
 673              		.cfi_offset 4, -12
 674              		.cfi_offset 5, -8
 675              		.cfi_offset 14, -4
 676 0002 B9B0     		sub	sp, sp, #228
 677              	.LCFI11:
 678              		.cfi_def_cfa_offset 240
 144:Src/main.c    ****   RCC_ClkInitTypeDef RCC_ClkInitStruct = {0};
 679              		.loc 1 144 3 view .LVU233
 144:Src/main.c    ****   RCC_ClkInitTypeDef RCC_ClkInitStruct = {0};
 680              		.loc 1 144 22 is_stmt 0 view .LVU234
 681 0004 3422     		movs	r2, #52
 682 0006 0021     		movs	r1, #0
 683 0008 2BA8     		add	r0, sp, #172
 684 000a FFF7FEFF 		bl	memset
 685              	.LVL21:
 145:Src/main.c    ****   RCC_PeriphCLKInitTypeDef PeriphClkInitStruct = {0};
 686              		.loc 1 145 3 is_stmt 1 view .LVU235
 145:Src/main.c    ****   RCC_PeriphCLKInitTypeDef PeriphClkInitStruct = {0};
 687              		.loc 1 145 22 is_stmt 0 view .LVU236
 688 000e 0024     		movs	r4, #0
 689 0010 2694     		str	r4, [sp, #152]
 690 0012 2794     		str	r4, [sp, #156]
 691 0014 2894     		str	r4, [sp, #160]
 692 0016 2994     		str	r4, [sp, #164]
 693 0018 2A94     		str	r4, [sp, #168]
 146:Src/main.c    **** 
 694              		.loc 1 146 3 is_stmt 1 view .LVU237
 146:Src/main.c    **** 
 695              		.loc 1 146 28 is_stmt 0 view .LVU238
 696 001a 9022     		movs	r2, #144
 697 001c 2146     		mov	r1, r4
 698 001e 02A8     		add	r0, sp, #8
 699 0020 FFF7FEFF 		bl	memset
 700              	.LVL22:
 150:Src/main.c    ****   /** Configure the main internal regulator output voltage 
 701              		.loc 1 150 3 is_stmt 1 view .LVU239
 702 0024 FFF7FEFF 		bl	HAL_PWR_EnableBkUpAccess
 703              	.LVL23:
 153:Src/main.c    ****   __HAL_PWR_VOLTAGESCALING_CONFIG(PWR_REGULATOR_VOLTAGE_SCALE1);
ARM GAS  /tmp/ccc6GBf8.s 			page 22


 704              		.loc 1 153 3 view .LVU240
 705              	.LBB8:
 153:Src/main.c    ****   __HAL_PWR_VOLTAGESCALING_CONFIG(PWR_REGULATOR_VOLTAGE_SCALE1);
 706              		.loc 1 153 3 view .LVU241
 153:Src/main.c    ****   __HAL_PWR_VOLTAGESCALING_CONFIG(PWR_REGULATOR_VOLTAGE_SCALE1);
 707              		.loc 1 153 3 view .LVU242
 708 0028 1F4B     		ldr	r3, .L19
 709 002a 1A6C     		ldr	r2, [r3, #64]
 710 002c 42F08052 		orr	r2, r2, #268435456
 711 0030 1A64     		str	r2, [r3, #64]
 153:Src/main.c    ****   __HAL_PWR_VOLTAGESCALING_CONFIG(PWR_REGULATOR_VOLTAGE_SCALE1);
 712              		.loc 1 153 3 view .LVU243
 713 0032 1B6C     		ldr	r3, [r3, #64]
 714 0034 03F08053 		and	r3, r3, #268435456
 715 0038 0093     		str	r3, [sp]
 153:Src/main.c    ****   __HAL_PWR_VOLTAGESCALING_CONFIG(PWR_REGULATOR_VOLTAGE_SCALE1);
 716              		.loc 1 153 3 view .LVU244
 717 003a 009B     		ldr	r3, [sp]
 718              	.LBE8:
 153:Src/main.c    ****   __HAL_PWR_VOLTAGESCALING_CONFIG(PWR_REGULATOR_VOLTAGE_SCALE1);
 719              		.loc 1 153 3 view .LVU245
 154:Src/main.c    ****   /** Initializes the CPU, AHB and APB busses clocks 
 720              		.loc 1 154 3 view .LVU246
 721              	.LBB9:
 154:Src/main.c    ****   /** Initializes the CPU, AHB and APB busses clocks 
 722              		.loc 1 154 3 view .LVU247
 154:Src/main.c    ****   /** Initializes the CPU, AHB and APB busses clocks 
 723              		.loc 1 154 3 view .LVU248
 724 003c 1B4B     		ldr	r3, .L19+4
 725 003e 1A68     		ldr	r2, [r3]
 726 0040 42F44042 		orr	r2, r2, #49152
 727 0044 1A60     		str	r2, [r3]
 154:Src/main.c    ****   /** Initializes the CPU, AHB and APB busses clocks 
 728              		.loc 1 154 3 view .LVU249
 729 0046 1B68     		ldr	r3, [r3]
 730 0048 03F44043 		and	r3, r3, #49152
 731 004c 0193     		str	r3, [sp, #4]
 154:Src/main.c    ****   /** Initializes the CPU, AHB and APB busses clocks 
 732              		.loc 1 154 3 view .LVU250
 733 004e 019B     		ldr	r3, [sp, #4]
 734              	.LBE9:
 154:Src/main.c    ****   /** Initializes the CPU, AHB and APB busses clocks 
 735              		.loc 1 154 3 view .LVU251
 157:Src/main.c    ****   RCC_OscInitStruct.HSEState = RCC_HSE_BYPASS;
 736              		.loc 1 157 3 view .LVU252
 157:Src/main.c    ****   RCC_OscInitStruct.HSEState = RCC_HSE_BYPASS;
 737              		.loc 1 157 36 is_stmt 0 view .LVU253
 738 0050 0123     		movs	r3, #1
 739 0052 2B93     		str	r3, [sp, #172]
 158:Src/main.c    ****   RCC_OscInitStruct.PLL.PLLState = RCC_PLL_ON;
 740              		.loc 1 158 3 is_stmt 1 view .LVU254
 158:Src/main.c    ****   RCC_OscInitStruct.PLL.PLLState = RCC_PLL_ON;
 741              		.loc 1 158 30 is_stmt 0 view .LVU255
 742 0054 4FF4A023 		mov	r3, #327680
 743 0058 2C93     		str	r3, [sp, #176]
 159:Src/main.c    ****   RCC_OscInitStruct.PLL.PLLSource = RCC_PLLSOURCE_HSE;
 744              		.loc 1 159 3 is_stmt 1 view .LVU256
ARM GAS  /tmp/ccc6GBf8.s 			page 23


 159:Src/main.c    ****   RCC_OscInitStruct.PLL.PLLSource = RCC_PLLSOURCE_HSE;
 745              		.loc 1 159 34 is_stmt 0 view .LVU257
 746 005a 0225     		movs	r5, #2
 747 005c 3195     		str	r5, [sp, #196]
 160:Src/main.c    ****   RCC_OscInitStruct.PLL.PLLM = 4;
 748              		.loc 1 160 3 is_stmt 1 view .LVU258
 160:Src/main.c    ****   RCC_OscInitStruct.PLL.PLLM = 4;
 749              		.loc 1 160 35 is_stmt 0 view .LVU259
 750 005e 4FF48003 		mov	r3, #4194304
 751 0062 3293     		str	r3, [sp, #200]
 161:Src/main.c    ****   RCC_OscInitStruct.PLL.PLLN = 216;
 752              		.loc 1 161 3 is_stmt 1 view .LVU260
 161:Src/main.c    ****   RCC_OscInitStruct.PLL.PLLN = 216;
 753              		.loc 1 161 30 is_stmt 0 view .LVU261
 754 0064 0423     		movs	r3, #4
 755 0066 3393     		str	r3, [sp, #204]
 162:Src/main.c    ****   RCC_OscInitStruct.PLL.PLLP = RCC_PLLP_DIV2;
 756              		.loc 1 162 3 is_stmt 1 view .LVU262
 162:Src/main.c    ****   RCC_OscInitStruct.PLL.PLLP = RCC_PLLP_DIV2;
 757              		.loc 1 162 30 is_stmt 0 view .LVU263
 758 0068 D822     		movs	r2, #216
 759 006a 3492     		str	r2, [sp, #208]
 163:Src/main.c    ****   RCC_OscInitStruct.PLL.PLLQ = 4;
 760              		.loc 1 163 3 is_stmt 1 view .LVU264
 163:Src/main.c    ****   RCC_OscInitStruct.PLL.PLLQ = 4;
 761              		.loc 1 163 30 is_stmt 0 view .LVU265
 762 006c 3595     		str	r5, [sp, #212]
 164:Src/main.c    ****   if (HAL_RCC_OscConfig(&RCC_OscInitStruct) != HAL_OK)
 763              		.loc 1 164 3 is_stmt 1 view .LVU266
 164:Src/main.c    ****   if (HAL_RCC_OscConfig(&RCC_OscInitStruct) != HAL_OK)
 764              		.loc 1 164 30 is_stmt 0 view .LVU267
 765 006e 3693     		str	r3, [sp, #216]
 165:Src/main.c    ****   {
 766              		.loc 1 165 3 is_stmt 1 view .LVU268
 165:Src/main.c    ****   {
 767              		.loc 1 165 7 is_stmt 0 view .LVU269
 768 0070 2BA8     		add	r0, sp, #172
 769 0072 FFF7FEFF 		bl	HAL_RCC_OscConfig
 770              	.LVL24:
 171:Src/main.c    ****   {
 771              		.loc 1 171 3 is_stmt 1 view .LVU270
 171:Src/main.c    ****   {
 772              		.loc 1 171 7 is_stmt 0 view .LVU271
 773 0076 FFF7FEFF 		bl	HAL_PWREx_EnableOverDrive
 774              	.LVL25:
 177:Src/main.c    ****                               |RCC_CLOCKTYPE_PCLK1|RCC_CLOCKTYPE_PCLK2;
 775              		.loc 1 177 3 is_stmt 1 view .LVU272
 177:Src/main.c    ****                               |RCC_CLOCKTYPE_PCLK1|RCC_CLOCKTYPE_PCLK2;
 776              		.loc 1 177 31 is_stmt 0 view .LVU273
 777 007a 0F23     		movs	r3, #15
 778 007c 2693     		str	r3, [sp, #152]
 179:Src/main.c    ****   RCC_ClkInitStruct.AHBCLKDivider = RCC_SYSCLK_DIV1;
 779              		.loc 1 179 3 is_stmt 1 view .LVU274
 179:Src/main.c    ****   RCC_ClkInitStruct.AHBCLKDivider = RCC_SYSCLK_DIV1;
 780              		.loc 1 179 34 is_stmt 0 view .LVU275
 781 007e 2795     		str	r5, [sp, #156]
 180:Src/main.c    ****   RCC_ClkInitStruct.APB1CLKDivider = RCC_HCLK_DIV4;
ARM GAS  /tmp/ccc6GBf8.s 			page 24


 782              		.loc 1 180 3 is_stmt 1 view .LVU276
 180:Src/main.c    ****   RCC_ClkInitStruct.APB1CLKDivider = RCC_HCLK_DIV4;
 783              		.loc 1 180 35 is_stmt 0 view .LVU277
 784 0080 2894     		str	r4, [sp, #160]
 181:Src/main.c    ****   RCC_ClkInitStruct.APB2CLKDivider = RCC_HCLK_DIV2;
 785              		.loc 1 181 3 is_stmt 1 view .LVU278
 181:Src/main.c    ****   RCC_ClkInitStruct.APB2CLKDivider = RCC_HCLK_DIV2;
 786              		.loc 1 181 36 is_stmt 0 view .LVU279
 787 0082 4FF4A053 		mov	r3, #5120
 788 0086 2993     		str	r3, [sp, #164]
 182:Src/main.c    **** 
 789              		.loc 1 182 3 is_stmt 1 view .LVU280
 182:Src/main.c    **** 
 790              		.loc 1 182 36 is_stmt 0 view .LVU281
 791 0088 4FF48053 		mov	r3, #4096
 792 008c 2A93     		str	r3, [sp, #168]
 184:Src/main.c    ****   {
 793              		.loc 1 184 3 is_stmt 1 view .LVU282
 184:Src/main.c    ****   {
 794              		.loc 1 184 7 is_stmt 0 view .LVU283
 795 008e 0721     		movs	r1, #7
 796 0090 26A8     		add	r0, sp, #152
 797 0092 FFF7FEFF 		bl	HAL_RCC_ClockConfig
 798              	.LVL26:
 188:Src/main.c    ****   PeriphClkInitStruct.Usart2ClockSelection = RCC_USART2CLKSOURCE_PCLK1;
 799              		.loc 1 188 3 is_stmt 1 view .LVU284
 188:Src/main.c    ****   PeriphClkInitStruct.Usart2ClockSelection = RCC_USART2CLKSOURCE_PCLK1;
 800              		.loc 1 188 44 is_stmt 0 view .LVU285
 801 0096 8023     		movs	r3, #128
 802 0098 0293     		str	r3, [sp, #8]
 189:Src/main.c    ****   if (HAL_RCCEx_PeriphCLKConfig(&PeriphClkInitStruct) != HAL_OK)
 803              		.loc 1 189 3 is_stmt 1 view .LVU286
 189:Src/main.c    ****   if (HAL_RCCEx_PeriphCLKConfig(&PeriphClkInitStruct) != HAL_OK)
 804              		.loc 1 189 44 is_stmt 0 view .LVU287
 805 009a 1494     		str	r4, [sp, #80]
 190:Src/main.c    ****   {
 806              		.loc 1 190 3 is_stmt 1 view .LVU288
 190:Src/main.c    ****   {
 807              		.loc 1 190 7 is_stmt 0 view .LVU289
 808 009c 02A8     		add	r0, sp, #8
 809 009e FFF7FEFF 		bl	HAL_RCCEx_PeriphCLKConfig
 810              	.LVL27:
 194:Src/main.c    **** 
 811              		.loc 1 194 1 view .LVU290
 812 00a2 39B0     		add	sp, sp, #228
 813              	.LCFI12:
 814              		.cfi_def_cfa_offset 12
 815              		@ sp needed
 816 00a4 30BD     		pop	{r4, r5, pc}
 817              	.L20:
 818 00a6 00BF     		.align	2
 819              	.L19:
 820 00a8 00380240 		.word	1073887232
 821 00ac 00700040 		.word	1073770496
 822              		.cfi_endproc
 823              	.LFE142:
 825              		.section	.text.main,"ax",%progbits
ARM GAS  /tmp/ccc6GBf8.s 			page 25


 826              		.align	1
 827              		.global	main
 828              		.syntax unified
 829              		.thumb
 830              		.thumb_func
 831              		.fpu fpv5-d16
 833              	main:
 834              	.LFB141:
  76:Src/main.c    ****   /* USER CODE BEGIN 1 */
 835              		.loc 1 76 1 is_stmt 1 view -0
 836              		.cfi_startproc
 837              		@ Volatile: function does not return.
 838              		@ args = 0, pretend = 0, frame = 0
 839              		@ frame_needed = 0, uses_anonymous_args = 0
 840 0000 08B5     		push	{r3, lr}
 841              	.LCFI13:
 842              		.cfi_def_cfa_offset 8
 843              		.cfi_offset 3, -8
 844              		.cfi_offset 14, -4
  85:Src/main.c    **** 
 845              		.loc 1 85 3 view .LVU292
 846 0002 FFF7FEFF 		bl	HAL_Init
 847              	.LVL28:
  92:Src/main.c    **** 
 848              		.loc 1 92 3 view .LVU293
 849 0006 FFF7FEFF 		bl	SystemClock_Config
 850              	.LVL29:
  99:Src/main.c    ****   MX_USART2_UART_Init();
 851              		.loc 1 99 3 view .LVU294
 852 000a FFF7FEFF 		bl	MX_GPIO_Init
 853              	.LVL30:
 100:Src/main.c    ****   MX_TIM6_Init();
 854              		.loc 1 100 3 view .LVU295
 855 000e FFF7FEFF 		bl	MX_USART2_UART_Init
 856              	.LVL31:
 101:Src/main.c    ****   MX_TIM7_Init();
 857              		.loc 1 101 3 view .LVU296
 858 0012 FFF7FEFF 		bl	MX_TIM6_Init
 859              	.LVL32:
 102:Src/main.c    ****   /* USER CODE BEGIN 2 */
 860              		.loc 1 102 3 view .LVU297
 861 0016 FFF7FEFF 		bl	MX_TIM7_Init
 862              	.LVL33:
 104:Src/main.c    **** 
 863              		.loc 1 104 3 view .LVU298
 864 001a 0121     		movs	r1, #1
 865 001c 1B48     		ldr	r0, .L24
 866 001e FFF7FEFF 		bl	HAL_GPIO_TogglePin
 867              	.LVL34:
 868              	.L22:
 111:Src/main.c    ****   {
 869              		.loc 1 111 3 discriminator 1 view .LVU299
 114:Src/main.c    **** 
 870              		.loc 1 114 5 discriminator 1 view .LVU300
 871 0022 4FF47A70 		mov	r0, #1000
 872 0026 FFF7FEFF 		bl	HAL_Delay
 873              	.LVL35:
ARM GAS  /tmp/ccc6GBf8.s 			page 26


 116:Src/main.c    ****     HAL_GPIO_TogglePin(GPIOB, GPIO_PIN_0);
 874              		.loc 1 116 5 discriminator 1 view .LVU301
 875 002a 184C     		ldr	r4, .L24
 876 002c 8021     		movs	r1, #128
 877 002e 2046     		mov	r0, r4
 878 0030 FFF7FEFF 		bl	HAL_GPIO_TogglePin
 879              	.LVL36:
 117:Src/main.c    **** 
 880              		.loc 1 117 5 discriminator 1 view .LVU302
 881 0034 0121     		movs	r1, #1
 882 0036 2046     		mov	r0, r4
 883 0038 FFF7FEFF 		bl	HAL_GPIO_TogglePin
 884              	.LVL37:
 119:Src/main.c    **** 
 885              		.loc 1 119 5 discriminator 1 view .LVU303
 886 003c 4FF47A70 		mov	r0, #1000
 887 0040 FFF7FEFF 		bl	HAL_Delay
 888              	.LVL38:
 121:Src/main.c    ****     HAL_GPIO_TogglePin(GPIOB, GPIO_PIN_7);
 889              		.loc 1 121 5 discriminator 1 view .LVU304
 890 0044 4FF48041 		mov	r1, #16384
 891 0048 2046     		mov	r0, r4
 892 004a FFF7FEFF 		bl	HAL_GPIO_TogglePin
 893              	.LVL39:
 122:Src/main.c    **** 
 894              		.loc 1 122 5 discriminator 1 view .LVU305
 895 004e 8021     		movs	r1, #128
 896 0050 2046     		mov	r0, r4
 897 0052 FFF7FEFF 		bl	HAL_GPIO_TogglePin
 898              	.LVL40:
 124:Src/main.c    **** 
 899              		.loc 1 124 5 discriminator 1 view .LVU306
 900 0056 4FF47A70 		mov	r0, #1000
 901 005a FFF7FEFF 		bl	HAL_Delay
 902              	.LVL41:
 126:Src/main.c    ****     HAL_GPIO_TogglePin(GPIOB, GPIO_PIN_7);
 903              		.loc 1 126 5 discriminator 1 view .LVU307
 904 005e 4FF48041 		mov	r1, #16384
 905 0062 2046     		mov	r0, r4
 906 0064 FFF7FEFF 		bl	HAL_GPIO_TogglePin
 907              	.LVL42:
 127:Src/main.c    **** 
 908              		.loc 1 127 5 discriminator 1 view .LVU308
 909 0068 8021     		movs	r1, #128
 910 006a 2046     		mov	r0, r4
 911 006c FFF7FEFF 		bl	HAL_GPIO_TogglePin
 912              	.LVL43:
 129:Src/main.c    **** 
 913              		.loc 1 129 5 discriminator 1 view .LVU309
 914 0070 4FF47A70 		mov	r0, #1000
 915 0074 FFF7FEFF 		bl	HAL_Delay
 916              	.LVL44:
 131:Src/main.c    ****     HAL_GPIO_TogglePin(GPIOB, GPIO_PIN_0);
 917              		.loc 1 131 5 discriminator 1 view .LVU310
 918 0078 8021     		movs	r1, #128
 919 007a 2046     		mov	r0, r4
 920 007c FFF7FEFF 		bl	HAL_GPIO_TogglePin
ARM GAS  /tmp/ccc6GBf8.s 			page 27


 921              	.LVL45:
 132:Src/main.c    ****     /* USER CODE BEGIN 3 */
 922              		.loc 1 132 5 discriminator 1 view .LVU311
 923 0080 0121     		movs	r1, #1
 924 0082 2046     		mov	r0, r4
 925 0084 FFF7FEFF 		bl	HAL_GPIO_TogglePin
 926              	.LVL46:
 111:Src/main.c    ****   {
 927              		.loc 1 111 9 discriminator 1 view .LVU312
 928 0088 CBE7     		b	.L22
 929              	.L25:
 930 008a 00BF     		.align	2
 931              	.L24:
 932 008c 00040240 		.word	1073873920
 933              		.cfi_endproc
 934              	.LFE141:
 936              		.section	.text.print,"ax",%progbits
 937              		.align	1
 938              		.global	print
 939              		.syntax unified
 940              		.thumb
 941              		.thumb_func
 942              		.fpu fpv5-d16
 944              	print:
 945              	.LVL47:
 946              	.LFB147:
 427:Src/main.c    **** 
 428:Src/main.c    **** /* USER CODE BEGIN 4 */
 429:Src/main.c    **** // print on uart
 430:Src/main.c    **** void print(UART_HandleTypeDef *huart, char* text){
 947              		.loc 1 430 50 view -0
 948              		.cfi_startproc
 949              		@ args = 0, pretend = 0, frame = 0
 950              		@ frame_needed = 0, uses_anonymous_args = 0
 951              		.loc 1 430 50 is_stmt 0 view .LVU314
 952 0000 38B5     		push	{r3, r4, r5, lr}
 953              	.LCFI14:
 954              		.cfi_def_cfa_offset 16
 955              		.cfi_offset 3, -16
 956              		.cfi_offset 4, -12
 957              		.cfi_offset 5, -8
 958              		.cfi_offset 14, -4
 959 0002 0546     		mov	r5, r0
 960 0004 0C46     		mov	r4, r1
 431:Src/main.c    ****   HAL_UART_Transmit(huart, (uint8_t*)text, strlen(text), 5);
 961              		.loc 1 431 3 is_stmt 1 view .LVU315
 962              		.loc 1 431 44 is_stmt 0 view .LVU316
 963 0006 0846     		mov	r0, r1
 964              	.LVL48:
 965              		.loc 1 431 44 view .LVU317
 966 0008 FFF7FEFF 		bl	strlen
 967              	.LVL49:
 968              		.loc 1 431 3 view .LVU318
 969 000c 0523     		movs	r3, #5
 970 000e 82B2     		uxth	r2, r0
 971 0010 2146     		mov	r1, r4
 972 0012 2846     		mov	r0, r5
ARM GAS  /tmp/ccc6GBf8.s 			page 28


 973 0014 FFF7FEFF 		bl	HAL_UART_Transmit
 974              	.LVL50:
 432:Src/main.c    **** }
 975              		.loc 1 432 1 view .LVU319
 976 0018 38BD     		pop	{r3, r4, r5, pc}
 977              		.loc 1 432 1 view .LVU320
 978              		.cfi_endproc
 979              	.LFE147:
 981              		.section	.text.Error_Handler,"ax",%progbits
 982              		.align	1
 983              		.global	Error_Handler
 984              		.syntax unified
 985              		.thumb
 986              		.thumb_func
 987              		.fpu fpv5-d16
 989              	Error_Handler:
 990              	.LFB148:
 433:Src/main.c    **** 
 434:Src/main.c    **** /* USER CODE END 4 */
 435:Src/main.c    **** 
 436:Src/main.c    **** /**
 437:Src/main.c    ****   * @brief  This function is executed in case of error occurrence.
 438:Src/main.c    ****   * @retval None
 439:Src/main.c    ****   */
 440:Src/main.c    **** void Error_Handler(void)
 441:Src/main.c    **** {
 991              		.loc 1 441 1 is_stmt 1 view -0
 992              		.cfi_startproc
 993              		@ args = 0, pretend = 0, frame = 0
 994              		@ frame_needed = 0, uses_anonymous_args = 0
 995              		@ link register save eliminated.
 442:Src/main.c    ****   /* USER CODE BEGIN Error_Handler_Debug */
 443:Src/main.c    ****   /* User can add his own implementation to report the HAL error return state */
 444:Src/main.c    **** 
 445:Src/main.c    ****   /* USER CODE END Error_Handler_Debug */
 446:Src/main.c    **** }
 996              		.loc 1 446 1 view .LVU322
 997 0000 7047     		bx	lr
 998              		.cfi_endproc
 999              	.LFE148:
 1001              		.comm	huart2,128,4
 1002              		.comm	htim7,64,4
 1003              		.comm	htim6,64,4
 1004              		.text
 1005              	.Letext0:
 1006              		.file 2 "/usr/arm-none-eabi/include/machine/_default_types.h"
 1007              		.file 3 "/usr/arm-none-eabi/include/sys/_stdint.h"
 1008              		.file 4 "Drivers/CMSIS/Include/core_cm7.h"
 1009              		.file 5 "Drivers/CMSIS/Device/ST/STM32F7xx/Include/system_stm32f7xx.h"
 1010              		.file 6 "Drivers/CMSIS/Device/ST/STM32F7xx/Include/stm32f767xx.h"
 1011              		.file 7 "Drivers/STM32F7xx_HAL_Driver/Inc/stm32f7xx_hal_def.h"
 1012              		.file 8 "Drivers/STM32F7xx_HAL_Driver/Inc/stm32f7xx_hal_rcc_ex.h"
 1013              		.file 9 "Drivers/STM32F7xx_HAL_Driver/Inc/stm32f7xx_hal_rcc.h"
 1014              		.file 10 "Drivers/STM32F7xx_HAL_Driver/Inc/stm32f7xx_hal_gpio.h"
 1015              		.file 11 "Drivers/STM32F7xx_HAL_Driver/Inc/stm32f7xx_hal_dma.h"
 1016              		.file 12 "Drivers/STM32F7xx_HAL_Driver/Inc/stm32f7xx_hal_tim.h"
 1017              		.file 13 "Drivers/STM32F7xx_HAL_Driver/Inc/stm32f7xx_hal_uart.h"
ARM GAS  /tmp/ccc6GBf8.s 			page 29


 1018              		.file 14 "Drivers/STM32F7xx_HAL_Driver/Inc/stm32f7xx_hal.h"
 1019              		.file 15 "Drivers/STM32F7xx_HAL_Driver/Inc/stm32f7xx_hal_tim_ex.h"
 1020              		.file 16 "<built-in>"
 1021              		.file 17 "Drivers/STM32F7xx_HAL_Driver/Inc/stm32f7xx_hal_pwr.h"
 1022              		.file 18 "Drivers/STM32F7xx_HAL_Driver/Inc/stm32f7xx_hal_pwr_ex.h"
ARM GAS  /tmp/ccc6GBf8.s 			page 30


DEFINED SYMBOLS
                            *ABS*:0000000000000000 main.c
     /tmp/ccc6GBf8.s:17     .text.MX_GPIO_Init:0000000000000000 $t
     /tmp/ccc6GBf8.s:24     .text.MX_GPIO_Init:0000000000000000 MX_GPIO_Init
     /tmp/ccc6GBf8.s:423    .text.MX_GPIO_Init:00000000000001d4 $d
     /tmp/ccc6GBf8.s:433    .text.MX_USART2_UART_Init:0000000000000000 $t
     /tmp/ccc6GBf8.s:439    .text.MX_USART2_UART_Init:0000000000000000 MX_USART2_UART_Init
     /tmp/ccc6GBf8.s:494    .text.MX_USART2_UART_Init:0000000000000028 $d
                            *COM*:0000000000000080 huart2
     /tmp/ccc6GBf8.s:500    .text.MX_TIM6_Init:0000000000000000 $t
     /tmp/ccc6GBf8.s:506    .text.MX_TIM6_Init:0000000000000000 MX_TIM6_Init
     /tmp/ccc6GBf8.s:573    .text.MX_TIM6_Init:0000000000000038 $d
                            *COM*:0000000000000040 htim6
     /tmp/ccc6GBf8.s:579    .text.MX_TIM7_Init:0000000000000000 $t
     /tmp/ccc6GBf8.s:585    .text.MX_TIM7_Init:0000000000000000 MX_TIM7_Init
     /tmp/ccc6GBf8.s:651    .text.MX_TIM7_Init:0000000000000038 $d
                            *COM*:0000000000000040 htim7
     /tmp/ccc6GBf8.s:657    .text.SystemClock_Config:0000000000000000 $t
     /tmp/ccc6GBf8.s:664    .text.SystemClock_Config:0000000000000000 SystemClock_Config
     /tmp/ccc6GBf8.s:820    .text.SystemClock_Config:00000000000000a8 $d
     /tmp/ccc6GBf8.s:826    .text.main:0000000000000000 $t
     /tmp/ccc6GBf8.s:833    .text.main:0000000000000000 main
     /tmp/ccc6GBf8.s:932    .text.main:000000000000008c $d
     /tmp/ccc6GBf8.s:937    .text.print:0000000000000000 $t
     /tmp/ccc6GBf8.s:944    .text.print:0000000000000000 print
     /tmp/ccc6GBf8.s:982    .text.Error_Handler:0000000000000000 $t
     /tmp/ccc6GBf8.s:989    .text.Error_Handler:0000000000000000 Error_Handler

UNDEFINED SYMBOLS
HAL_GPIO_WritePin
HAL_GPIO_Init
HAL_UART_Init
HAL_TIM_Base_Init
HAL_TIMEx_MasterConfigSynchronization
memset
HAL_PWR_EnableBkUpAccess
HAL_RCC_OscConfig
HAL_PWREx_EnableOverDrive
HAL_RCC_ClockConfig
HAL_RCCEx_PeriphCLKConfig
HAL_Init
HAL_GPIO_TogglePin
HAL_Delay
strlen
HAL_UART_Transmit
