ARM GAS  /tmp/cc8wUZnm.s 			page 1


   1              		.cpu cortex-m7
   2              		.eabi_attribute 28, 1
   3              		.eabi_attribute 20, 1
   4              		.eabi_attribute 21, 1
   5              		.eabi_attribute 23, 3
   6              		.eabi_attribute 24, 1
   7              		.eabi_attribute 25, 1
   8              		.eabi_attribute 26, 1
   9              		.eabi_attribute 30, 1
  10              		.eabi_attribute 34, 1
  11              		.eabi_attribute 18, 4
  12              		.file	"stm32f7xx_hal_msp.c"
  13              		.text
  14              	.Ltext0:
  15              		.cfi_sections	.debug_frame
  16              		.section	.text.HAL_MspInit,"ax",%progbits
  17              		.align	1
  18              		.global	HAL_MspInit
  19              		.arch armv7e-m
  20              		.syntax unified
  21              		.thumb
  22              		.thumb_func
  23              		.fpu fpv5-d16
  25              	HAL_MspInit:
  26              	.LFB141:
  27              		.file 1 "Src/stm32f7xx_hal_msp.c"
   1:Src/stm32f7xx_hal_msp.c **** /* USER CODE BEGIN Header */
   2:Src/stm32f7xx_hal_msp.c **** /**
   3:Src/stm32f7xx_hal_msp.c ****   ******************************************************************************
   4:Src/stm32f7xx_hal_msp.c ****   * File Name          : stm32f7xx_hal_msp.c
   5:Src/stm32f7xx_hal_msp.c ****   * Description        : This file provides code for the MSP Initialization 
   6:Src/stm32f7xx_hal_msp.c ****   *                      and de-Initialization codes.
   7:Src/stm32f7xx_hal_msp.c ****   ******************************************************************************
   8:Src/stm32f7xx_hal_msp.c ****   * @attention
   9:Src/stm32f7xx_hal_msp.c ****   *
  10:Src/stm32f7xx_hal_msp.c ****   * <h2><center>&copy; Copyright (c) 2020 STMicroelectronics.
  11:Src/stm32f7xx_hal_msp.c ****   * All rights reserved.</center></h2>
  12:Src/stm32f7xx_hal_msp.c ****   *
  13:Src/stm32f7xx_hal_msp.c ****   * This software component is licensed by ST under BSD 3-Clause license,
  14:Src/stm32f7xx_hal_msp.c ****   * the "License"; You may not use this file except in compliance with the
  15:Src/stm32f7xx_hal_msp.c ****   * License. You may obtain a copy of the License at:
  16:Src/stm32f7xx_hal_msp.c ****   *                        opensource.org/licenses/BSD-3-Clause
  17:Src/stm32f7xx_hal_msp.c ****   *
  18:Src/stm32f7xx_hal_msp.c ****   ******************************************************************************
  19:Src/stm32f7xx_hal_msp.c ****   */
  20:Src/stm32f7xx_hal_msp.c **** /* USER CODE END Header */
  21:Src/stm32f7xx_hal_msp.c **** 
  22:Src/stm32f7xx_hal_msp.c **** /* Includes ------------------------------------------------------------------*/
  23:Src/stm32f7xx_hal_msp.c **** #include "main.h"
  24:Src/stm32f7xx_hal_msp.c **** /* USER CODE BEGIN Includes */
  25:Src/stm32f7xx_hal_msp.c **** 
  26:Src/stm32f7xx_hal_msp.c **** /* USER CODE END Includes */
  27:Src/stm32f7xx_hal_msp.c **** 
  28:Src/stm32f7xx_hal_msp.c **** /* Private typedef -----------------------------------------------------------*/
  29:Src/stm32f7xx_hal_msp.c **** /* USER CODE BEGIN TD */
  30:Src/stm32f7xx_hal_msp.c **** 
  31:Src/stm32f7xx_hal_msp.c **** /* USER CODE END TD */
ARM GAS  /tmp/cc8wUZnm.s 			page 2


  32:Src/stm32f7xx_hal_msp.c **** 
  33:Src/stm32f7xx_hal_msp.c **** /* Private define ------------------------------------------------------------*/
  34:Src/stm32f7xx_hal_msp.c **** /* USER CODE BEGIN Define */
  35:Src/stm32f7xx_hal_msp.c ****  
  36:Src/stm32f7xx_hal_msp.c **** /* USER CODE END Define */
  37:Src/stm32f7xx_hal_msp.c **** 
  38:Src/stm32f7xx_hal_msp.c **** /* Private macro -------------------------------------------------------------*/
  39:Src/stm32f7xx_hal_msp.c **** /* USER CODE BEGIN Macro */
  40:Src/stm32f7xx_hal_msp.c **** 
  41:Src/stm32f7xx_hal_msp.c **** /* USER CODE END Macro */
  42:Src/stm32f7xx_hal_msp.c **** 
  43:Src/stm32f7xx_hal_msp.c **** /* Private variables ---------------------------------------------------------*/
  44:Src/stm32f7xx_hal_msp.c **** /* USER CODE BEGIN PV */
  45:Src/stm32f7xx_hal_msp.c **** 
  46:Src/stm32f7xx_hal_msp.c **** /* USER CODE END PV */
  47:Src/stm32f7xx_hal_msp.c **** 
  48:Src/stm32f7xx_hal_msp.c **** /* Private function prototypes -----------------------------------------------*/
  49:Src/stm32f7xx_hal_msp.c **** /* USER CODE BEGIN PFP */
  50:Src/stm32f7xx_hal_msp.c **** 
  51:Src/stm32f7xx_hal_msp.c **** /* USER CODE END PFP */
  52:Src/stm32f7xx_hal_msp.c **** 
  53:Src/stm32f7xx_hal_msp.c **** /* External functions --------------------------------------------------------*/
  54:Src/stm32f7xx_hal_msp.c **** /* USER CODE BEGIN ExternalFunctions */
  55:Src/stm32f7xx_hal_msp.c **** 
  56:Src/stm32f7xx_hal_msp.c **** /* USER CODE END ExternalFunctions */
  57:Src/stm32f7xx_hal_msp.c **** 
  58:Src/stm32f7xx_hal_msp.c **** /* USER CODE BEGIN 0 */
  59:Src/stm32f7xx_hal_msp.c **** 
  60:Src/stm32f7xx_hal_msp.c **** /* USER CODE END 0 */
  61:Src/stm32f7xx_hal_msp.c **** /**
  62:Src/stm32f7xx_hal_msp.c ****   * Initializes the Global MSP.
  63:Src/stm32f7xx_hal_msp.c ****   */
  64:Src/stm32f7xx_hal_msp.c **** void HAL_MspInit(void)
  65:Src/stm32f7xx_hal_msp.c **** {
  28              		.loc 1 65 1 view -0
  29              		.cfi_startproc
  30              		@ args = 0, pretend = 0, frame = 8
  31              		@ frame_needed = 0, uses_anonymous_args = 0
  32              		@ link register save eliminated.
  33 0000 82B0     		sub	sp, sp, #8
  34              	.LCFI0:
  35              		.cfi_def_cfa_offset 8
  66:Src/stm32f7xx_hal_msp.c ****   /* USER CODE BEGIN MspInit 0 */
  67:Src/stm32f7xx_hal_msp.c **** 
  68:Src/stm32f7xx_hal_msp.c ****   /* USER CODE END MspInit 0 */
  69:Src/stm32f7xx_hal_msp.c **** 
  70:Src/stm32f7xx_hal_msp.c ****   __HAL_RCC_PWR_CLK_ENABLE();
  36              		.loc 1 70 3 view .LVU1
  37              	.LBB2:
  38              		.loc 1 70 3 view .LVU2
  39              		.loc 1 70 3 view .LVU3
  40 0002 0A4B     		ldr	r3, .L3
  41 0004 1A6C     		ldr	r2, [r3, #64]
  42 0006 42F08052 		orr	r2, r2, #268435456
  43 000a 1A64     		str	r2, [r3, #64]
  44              		.loc 1 70 3 view .LVU4
  45 000c 1A6C     		ldr	r2, [r3, #64]
ARM GAS  /tmp/cc8wUZnm.s 			page 3


  46 000e 02F08052 		and	r2, r2, #268435456
  47 0012 0092     		str	r2, [sp]
  48              		.loc 1 70 3 view .LVU5
  49 0014 009A     		ldr	r2, [sp]
  50              	.LBE2:
  51              		.loc 1 70 3 view .LVU6
  71:Src/stm32f7xx_hal_msp.c ****   __HAL_RCC_SYSCFG_CLK_ENABLE();
  52              		.loc 1 71 3 view .LVU7
  53              	.LBB3:
  54              		.loc 1 71 3 view .LVU8
  55              		.loc 1 71 3 view .LVU9
  56 0016 5A6C     		ldr	r2, [r3, #68]
  57 0018 42F48042 		orr	r2, r2, #16384
  58 001c 5A64     		str	r2, [r3, #68]
  59              		.loc 1 71 3 view .LVU10
  60 001e 5B6C     		ldr	r3, [r3, #68]
  61 0020 03F48043 		and	r3, r3, #16384
  62 0024 0193     		str	r3, [sp, #4]
  63              		.loc 1 71 3 view .LVU11
  64 0026 019B     		ldr	r3, [sp, #4]
  65              	.LBE3:
  66              		.loc 1 71 3 view .LVU12
  72:Src/stm32f7xx_hal_msp.c **** 
  73:Src/stm32f7xx_hal_msp.c ****   /* System interrupt init*/
  74:Src/stm32f7xx_hal_msp.c **** 
  75:Src/stm32f7xx_hal_msp.c ****   /* USER CODE BEGIN MspInit 1 */
  76:Src/stm32f7xx_hal_msp.c **** 
  77:Src/stm32f7xx_hal_msp.c ****   /* USER CODE END MspInit 1 */
  78:Src/stm32f7xx_hal_msp.c **** }
  67              		.loc 1 78 1 is_stmt 0 view .LVU13
  68 0028 02B0     		add	sp, sp, #8
  69              	.LCFI1:
  70              		.cfi_def_cfa_offset 0
  71              		@ sp needed
  72 002a 7047     		bx	lr
  73              	.L4:
  74              		.align	2
  75              	.L3:
  76 002c 00380240 		.word	1073887232
  77              		.cfi_endproc
  78              	.LFE141:
  80              		.section	.text.HAL_TIM_Base_MspInit,"ax",%progbits
  81              		.align	1
  82              		.global	HAL_TIM_Base_MspInit
  83              		.syntax unified
  84              		.thumb
  85              		.thumb_func
  86              		.fpu fpv5-d16
  88              	HAL_TIM_Base_MspInit:
  89              	.LVL0:
  90              	.LFB142:
  79:Src/stm32f7xx_hal_msp.c **** 
  80:Src/stm32f7xx_hal_msp.c **** /**
  81:Src/stm32f7xx_hal_msp.c **** * @brief TIM_Base MSP Initialization
  82:Src/stm32f7xx_hal_msp.c **** * This function configures the hardware resources used in this example
  83:Src/stm32f7xx_hal_msp.c **** * @param htim_base: TIM_Base handle pointer
  84:Src/stm32f7xx_hal_msp.c **** * @retval None
ARM GAS  /tmp/cc8wUZnm.s 			page 4


  85:Src/stm32f7xx_hal_msp.c **** */
  86:Src/stm32f7xx_hal_msp.c **** void HAL_TIM_Base_MspInit(TIM_HandleTypeDef* htim_base)
  87:Src/stm32f7xx_hal_msp.c **** {
  91              		.loc 1 87 1 is_stmt 1 view -0
  92              		.cfi_startproc
  93              		@ args = 0, pretend = 0, frame = 8
  94              		@ frame_needed = 0, uses_anonymous_args = 0
  95              		.loc 1 87 1 is_stmt 0 view .LVU15
  96 0000 00B5     		push	{lr}
  97              	.LCFI2:
  98              		.cfi_def_cfa_offset 4
  99              		.cfi_offset 14, -4
 100 0002 83B0     		sub	sp, sp, #12
 101              	.LCFI3:
 102              		.cfi_def_cfa_offset 16
  88:Src/stm32f7xx_hal_msp.c ****   if(htim_base->Instance==TIM6)
 103              		.loc 1 88 3 is_stmt 1 view .LVU16
 104              		.loc 1 88 15 is_stmt 0 view .LVU17
 105 0004 0368     		ldr	r3, [r0]
 106              		.loc 1 88 5 view .LVU18
 107 0006 174A     		ldr	r2, .L11
 108 0008 9342     		cmp	r3, r2
 109 000a 05D0     		beq	.L9
  89:Src/stm32f7xx_hal_msp.c ****   {
  90:Src/stm32f7xx_hal_msp.c ****   /* USER CODE BEGIN TIM6_MspInit 0 */
  91:Src/stm32f7xx_hal_msp.c **** 
  92:Src/stm32f7xx_hal_msp.c ****   /* USER CODE END TIM6_MspInit 0 */
  93:Src/stm32f7xx_hal_msp.c ****     /* Peripheral clock enable */
  94:Src/stm32f7xx_hal_msp.c ****     __HAL_RCC_TIM6_CLK_ENABLE();
  95:Src/stm32f7xx_hal_msp.c ****     /* TIM6 interrupt Init */
  96:Src/stm32f7xx_hal_msp.c ****     HAL_NVIC_SetPriority(TIM6_DAC_IRQn, 0, 0);
  97:Src/stm32f7xx_hal_msp.c ****     HAL_NVIC_EnableIRQ(TIM6_DAC_IRQn);
  98:Src/stm32f7xx_hal_msp.c ****   /* USER CODE BEGIN TIM6_MspInit 1 */
  99:Src/stm32f7xx_hal_msp.c **** 
 100:Src/stm32f7xx_hal_msp.c ****   /* USER CODE END TIM6_MspInit 1 */
 101:Src/stm32f7xx_hal_msp.c ****   }
 102:Src/stm32f7xx_hal_msp.c ****   else if(htim_base->Instance==TIM7)
 110              		.loc 1 102 8 is_stmt 1 view .LVU19
 111              		.loc 1 102 10 is_stmt 0 view .LVU20
 112 000c 164A     		ldr	r2, .L11+4
 113 000e 9342     		cmp	r3, r2
 114 0010 15D0     		beq	.L10
 115              	.LVL1:
 116              	.L5:
 103:Src/stm32f7xx_hal_msp.c ****   {
 104:Src/stm32f7xx_hal_msp.c ****   /* USER CODE BEGIN TIM7_MspInit 0 */
 105:Src/stm32f7xx_hal_msp.c **** 
 106:Src/stm32f7xx_hal_msp.c ****   /* USER CODE END TIM7_MspInit 0 */
 107:Src/stm32f7xx_hal_msp.c ****     /* Peripheral clock enable */
 108:Src/stm32f7xx_hal_msp.c ****     __HAL_RCC_TIM7_CLK_ENABLE();
 109:Src/stm32f7xx_hal_msp.c ****     /* TIM7 interrupt Init */
 110:Src/stm32f7xx_hal_msp.c ****     HAL_NVIC_SetPriority(TIM7_IRQn, 0, 0);
 111:Src/stm32f7xx_hal_msp.c ****     HAL_NVIC_EnableIRQ(TIM7_IRQn);
 112:Src/stm32f7xx_hal_msp.c ****   /* USER CODE BEGIN TIM7_MspInit 1 */
 113:Src/stm32f7xx_hal_msp.c **** 
 114:Src/stm32f7xx_hal_msp.c ****   /* USER CODE END TIM7_MspInit 1 */
 115:Src/stm32f7xx_hal_msp.c ****   }
ARM GAS  /tmp/cc8wUZnm.s 			page 5


 116:Src/stm32f7xx_hal_msp.c **** 
 117:Src/stm32f7xx_hal_msp.c **** }
 117              		.loc 1 117 1 view .LVU21
 118 0012 03B0     		add	sp, sp, #12
 119              	.LCFI4:
 120              		.cfi_remember_state
 121              		.cfi_def_cfa_offset 4
 122              		@ sp needed
 123 0014 5DF804FB 		ldr	pc, [sp], #4
 124              	.LVL2:
 125              	.L9:
 126              	.LCFI5:
 127              		.cfi_restore_state
  94:Src/stm32f7xx_hal_msp.c ****     /* TIM6 interrupt Init */
 128              		.loc 1 94 5 is_stmt 1 view .LVU22
 129              	.LBB4:
  94:Src/stm32f7xx_hal_msp.c ****     /* TIM6 interrupt Init */
 130              		.loc 1 94 5 view .LVU23
  94:Src/stm32f7xx_hal_msp.c ****     /* TIM6 interrupt Init */
 131              		.loc 1 94 5 view .LVU24
 132 0018 144B     		ldr	r3, .L11+8
 133 001a 1A6C     		ldr	r2, [r3, #64]
 134 001c 42F01002 		orr	r2, r2, #16
 135 0020 1A64     		str	r2, [r3, #64]
  94:Src/stm32f7xx_hal_msp.c ****     /* TIM6 interrupt Init */
 136              		.loc 1 94 5 view .LVU25
 137 0022 1B6C     		ldr	r3, [r3, #64]
 138 0024 03F01003 		and	r3, r3, #16
 139 0028 0093     		str	r3, [sp]
  94:Src/stm32f7xx_hal_msp.c ****     /* TIM6 interrupt Init */
 140              		.loc 1 94 5 view .LVU26
 141 002a 009B     		ldr	r3, [sp]
 142              	.LBE4:
  94:Src/stm32f7xx_hal_msp.c ****     /* TIM6 interrupt Init */
 143              		.loc 1 94 5 view .LVU27
  96:Src/stm32f7xx_hal_msp.c ****     HAL_NVIC_EnableIRQ(TIM6_DAC_IRQn);
 144              		.loc 1 96 5 view .LVU28
 145 002c 0022     		movs	r2, #0
 146 002e 1146     		mov	r1, r2
 147 0030 3620     		movs	r0, #54
 148              	.LVL3:
  96:Src/stm32f7xx_hal_msp.c ****     HAL_NVIC_EnableIRQ(TIM6_DAC_IRQn);
 149              		.loc 1 96 5 is_stmt 0 view .LVU29
 150 0032 FFF7FEFF 		bl	HAL_NVIC_SetPriority
 151              	.LVL4:
  97:Src/stm32f7xx_hal_msp.c ****   /* USER CODE BEGIN TIM6_MspInit 1 */
 152              		.loc 1 97 5 is_stmt 1 view .LVU30
 153 0036 3620     		movs	r0, #54
 154 0038 FFF7FEFF 		bl	HAL_NVIC_EnableIRQ
 155              	.LVL5:
 156 003c E9E7     		b	.L5
 157              	.LVL6:
 158              	.L10:
 108:Src/stm32f7xx_hal_msp.c ****     /* TIM7 interrupt Init */
 159              		.loc 1 108 5 view .LVU31
 160              	.LBB5:
 108:Src/stm32f7xx_hal_msp.c ****     /* TIM7 interrupt Init */
ARM GAS  /tmp/cc8wUZnm.s 			page 6


 161              		.loc 1 108 5 view .LVU32
 108:Src/stm32f7xx_hal_msp.c ****     /* TIM7 interrupt Init */
 162              		.loc 1 108 5 view .LVU33
 163 003e 0B4B     		ldr	r3, .L11+8
 164 0040 1A6C     		ldr	r2, [r3, #64]
 165 0042 42F02002 		orr	r2, r2, #32
 166 0046 1A64     		str	r2, [r3, #64]
 108:Src/stm32f7xx_hal_msp.c ****     /* TIM7 interrupt Init */
 167              		.loc 1 108 5 view .LVU34
 168 0048 1B6C     		ldr	r3, [r3, #64]
 169 004a 03F02003 		and	r3, r3, #32
 170 004e 0193     		str	r3, [sp, #4]
 108:Src/stm32f7xx_hal_msp.c ****     /* TIM7 interrupt Init */
 171              		.loc 1 108 5 view .LVU35
 172 0050 019B     		ldr	r3, [sp, #4]
 173              	.LBE5:
 108:Src/stm32f7xx_hal_msp.c ****     /* TIM7 interrupt Init */
 174              		.loc 1 108 5 view .LVU36
 110:Src/stm32f7xx_hal_msp.c ****     HAL_NVIC_EnableIRQ(TIM7_IRQn);
 175              		.loc 1 110 5 view .LVU37
 176 0052 0022     		movs	r2, #0
 177 0054 1146     		mov	r1, r2
 178 0056 3720     		movs	r0, #55
 179              	.LVL7:
 110:Src/stm32f7xx_hal_msp.c ****     HAL_NVIC_EnableIRQ(TIM7_IRQn);
 180              		.loc 1 110 5 is_stmt 0 view .LVU38
 181 0058 FFF7FEFF 		bl	HAL_NVIC_SetPriority
 182              	.LVL8:
 111:Src/stm32f7xx_hal_msp.c ****   /* USER CODE BEGIN TIM7_MspInit 1 */
 183              		.loc 1 111 5 is_stmt 1 view .LVU39
 184 005c 3720     		movs	r0, #55
 185 005e FFF7FEFF 		bl	HAL_NVIC_EnableIRQ
 186              	.LVL9:
 187              		.loc 1 117 1 is_stmt 0 view .LVU40
 188 0062 D6E7     		b	.L5
 189              	.L12:
 190              		.align	2
 191              	.L11:
 192 0064 00100040 		.word	1073745920
 193 0068 00140040 		.word	1073746944
 194 006c 00380240 		.word	1073887232
 195              		.cfi_endproc
 196              	.LFE142:
 198              		.section	.text.HAL_TIM_Base_MspDeInit,"ax",%progbits
 199              		.align	1
 200              		.global	HAL_TIM_Base_MspDeInit
 201              		.syntax unified
 202              		.thumb
 203              		.thumb_func
 204              		.fpu fpv5-d16
 206              	HAL_TIM_Base_MspDeInit:
 207              	.LVL10:
 208              	.LFB143:
 118:Src/stm32f7xx_hal_msp.c **** 
 119:Src/stm32f7xx_hal_msp.c **** /**
 120:Src/stm32f7xx_hal_msp.c **** * @brief TIM_Base MSP De-Initialization
 121:Src/stm32f7xx_hal_msp.c **** * This function freeze the hardware resources used in this example
ARM GAS  /tmp/cc8wUZnm.s 			page 7


 122:Src/stm32f7xx_hal_msp.c **** * @param htim_base: TIM_Base handle pointer
 123:Src/stm32f7xx_hal_msp.c **** * @retval None
 124:Src/stm32f7xx_hal_msp.c **** */
 125:Src/stm32f7xx_hal_msp.c **** void HAL_TIM_Base_MspDeInit(TIM_HandleTypeDef* htim_base)
 126:Src/stm32f7xx_hal_msp.c **** {
 209              		.loc 1 126 1 is_stmt 1 view -0
 210              		.cfi_startproc
 211              		@ args = 0, pretend = 0, frame = 0
 212              		@ frame_needed = 0, uses_anonymous_args = 0
 213              		.loc 1 126 1 is_stmt 0 view .LVU42
 214 0000 08B5     		push	{r3, lr}
 215              	.LCFI6:
 216              		.cfi_def_cfa_offset 8
 217              		.cfi_offset 3, -8
 218              		.cfi_offset 14, -4
 127:Src/stm32f7xx_hal_msp.c ****   if(htim_base->Instance==TIM6)
 219              		.loc 1 127 3 is_stmt 1 view .LVU43
 220              		.loc 1 127 15 is_stmt 0 view .LVU44
 221 0002 0368     		ldr	r3, [r0]
 222              		.loc 1 127 5 view .LVU45
 223 0004 0D4A     		ldr	r2, .L19
 224 0006 9342     		cmp	r3, r2
 225 0008 03D0     		beq	.L17
 128:Src/stm32f7xx_hal_msp.c ****   {
 129:Src/stm32f7xx_hal_msp.c ****   /* USER CODE BEGIN TIM6_MspDeInit 0 */
 130:Src/stm32f7xx_hal_msp.c **** 
 131:Src/stm32f7xx_hal_msp.c ****   /* USER CODE END TIM6_MspDeInit 0 */
 132:Src/stm32f7xx_hal_msp.c ****     /* Peripheral clock disable */
 133:Src/stm32f7xx_hal_msp.c ****     __HAL_RCC_TIM6_CLK_DISABLE();
 134:Src/stm32f7xx_hal_msp.c **** 
 135:Src/stm32f7xx_hal_msp.c ****     /* TIM6 interrupt DeInit */
 136:Src/stm32f7xx_hal_msp.c ****     HAL_NVIC_DisableIRQ(TIM6_DAC_IRQn);
 137:Src/stm32f7xx_hal_msp.c ****   /* USER CODE BEGIN TIM6_MspDeInit 1 */
 138:Src/stm32f7xx_hal_msp.c **** 
 139:Src/stm32f7xx_hal_msp.c ****   /* USER CODE END TIM6_MspDeInit 1 */
 140:Src/stm32f7xx_hal_msp.c ****   }
 141:Src/stm32f7xx_hal_msp.c ****   else if(htim_base->Instance==TIM7)
 226              		.loc 1 141 8 is_stmt 1 view .LVU46
 227              		.loc 1 141 10 is_stmt 0 view .LVU47
 228 000a 0D4A     		ldr	r2, .L19+4
 229 000c 9342     		cmp	r3, r2
 230 000e 0AD0     		beq	.L18
 231              	.LVL11:
 232              	.L13:
 142:Src/stm32f7xx_hal_msp.c ****   {
 143:Src/stm32f7xx_hal_msp.c ****   /* USER CODE BEGIN TIM7_MspDeInit 0 */
 144:Src/stm32f7xx_hal_msp.c **** 
 145:Src/stm32f7xx_hal_msp.c ****   /* USER CODE END TIM7_MspDeInit 0 */
 146:Src/stm32f7xx_hal_msp.c ****     /* Peripheral clock disable */
 147:Src/stm32f7xx_hal_msp.c ****     __HAL_RCC_TIM7_CLK_DISABLE();
 148:Src/stm32f7xx_hal_msp.c **** 
 149:Src/stm32f7xx_hal_msp.c ****     /* TIM7 interrupt DeInit */
 150:Src/stm32f7xx_hal_msp.c ****     HAL_NVIC_DisableIRQ(TIM7_IRQn);
 151:Src/stm32f7xx_hal_msp.c ****   /* USER CODE BEGIN TIM7_MspDeInit 1 */
 152:Src/stm32f7xx_hal_msp.c **** 
 153:Src/stm32f7xx_hal_msp.c ****   /* USER CODE END TIM7_MspDeInit 1 */
 154:Src/stm32f7xx_hal_msp.c ****   }
ARM GAS  /tmp/cc8wUZnm.s 			page 8


 155:Src/stm32f7xx_hal_msp.c **** 
 156:Src/stm32f7xx_hal_msp.c **** }
 233              		.loc 1 156 1 view .LVU48
 234 0010 08BD     		pop	{r3, pc}
 235              	.LVL12:
 236              	.L17:
 133:Src/stm32f7xx_hal_msp.c **** 
 237              		.loc 1 133 5 is_stmt 1 view .LVU49
 238 0012 02F50A32 		add	r2, r2, #141312
 239 0016 136C     		ldr	r3, [r2, #64]
 240 0018 23F01003 		bic	r3, r3, #16
 241 001c 1364     		str	r3, [r2, #64]
 136:Src/stm32f7xx_hal_msp.c ****   /* USER CODE BEGIN TIM6_MspDeInit 1 */
 242              		.loc 1 136 5 view .LVU50
 243 001e 3620     		movs	r0, #54
 244              	.LVL13:
 136:Src/stm32f7xx_hal_msp.c ****   /* USER CODE BEGIN TIM6_MspDeInit 1 */
 245              		.loc 1 136 5 is_stmt 0 view .LVU51
 246 0020 FFF7FEFF 		bl	HAL_NVIC_DisableIRQ
 247              	.LVL14:
 248 0024 F4E7     		b	.L13
 249              	.LVL15:
 250              	.L18:
 147:Src/stm32f7xx_hal_msp.c **** 
 251              		.loc 1 147 5 is_stmt 1 view .LVU52
 252 0026 02F50932 		add	r2, r2, #140288
 253 002a 136C     		ldr	r3, [r2, #64]
 254 002c 23F02003 		bic	r3, r3, #32
 255 0030 1364     		str	r3, [r2, #64]
 150:Src/stm32f7xx_hal_msp.c ****   /* USER CODE BEGIN TIM7_MspDeInit 1 */
 256              		.loc 1 150 5 view .LVU53
 257 0032 3720     		movs	r0, #55
 258              	.LVL16:
 150:Src/stm32f7xx_hal_msp.c ****   /* USER CODE BEGIN TIM7_MspDeInit 1 */
 259              		.loc 1 150 5 is_stmt 0 view .LVU54
 260 0034 FFF7FEFF 		bl	HAL_NVIC_DisableIRQ
 261              	.LVL17:
 262              		.loc 1 156 1 view .LVU55
 263 0038 EAE7     		b	.L13
 264              	.L20:
 265 003a 00BF     		.align	2
 266              	.L19:
 267 003c 00100040 		.word	1073745920
 268 0040 00140040 		.word	1073746944
 269              		.cfi_endproc
 270              	.LFE143:
 272              		.section	.text.HAL_UART_MspInit,"ax",%progbits
 273              		.align	1
 274              		.global	HAL_UART_MspInit
 275              		.syntax unified
 276              		.thumb
 277              		.thumb_func
 278              		.fpu fpv5-d16
 280              	HAL_UART_MspInit:
 281              	.LVL18:
 282              	.LFB144:
 157:Src/stm32f7xx_hal_msp.c **** 
ARM GAS  /tmp/cc8wUZnm.s 			page 9


 158:Src/stm32f7xx_hal_msp.c **** /**
 159:Src/stm32f7xx_hal_msp.c **** * @brief UART MSP Initialization
 160:Src/stm32f7xx_hal_msp.c **** * This function configures the hardware resources used in this example
 161:Src/stm32f7xx_hal_msp.c **** * @param huart: UART handle pointer
 162:Src/stm32f7xx_hal_msp.c **** * @retval None
 163:Src/stm32f7xx_hal_msp.c **** */
 164:Src/stm32f7xx_hal_msp.c **** void HAL_UART_MspInit(UART_HandleTypeDef* huart)
 165:Src/stm32f7xx_hal_msp.c **** {
 283              		.loc 1 165 1 is_stmt 1 view -0
 284              		.cfi_startproc
 285              		@ args = 0, pretend = 0, frame = 32
 286              		@ frame_needed = 0, uses_anonymous_args = 0
 287              		.loc 1 165 1 is_stmt 0 view .LVU57
 288 0000 70B5     		push	{r4, r5, r6, lr}
 289              	.LCFI7:
 290              		.cfi_def_cfa_offset 16
 291              		.cfi_offset 4, -16
 292              		.cfi_offset 5, -12
 293              		.cfi_offset 6, -8
 294              		.cfi_offset 14, -4
 295 0002 88B0     		sub	sp, sp, #32
 296              	.LCFI8:
 297              		.cfi_def_cfa_offset 48
 166:Src/stm32f7xx_hal_msp.c ****   GPIO_InitTypeDef GPIO_InitStruct = {0};
 298              		.loc 1 166 3 is_stmt 1 view .LVU58
 299              		.loc 1 166 20 is_stmt 0 view .LVU59
 300 0004 0023     		movs	r3, #0
 301 0006 0393     		str	r3, [sp, #12]
 302 0008 0493     		str	r3, [sp, #16]
 303 000a 0593     		str	r3, [sp, #20]
 304 000c 0693     		str	r3, [sp, #24]
 305 000e 0793     		str	r3, [sp, #28]
 167:Src/stm32f7xx_hal_msp.c ****   if(huart->Instance==USART2)
 306              		.loc 1 167 3 is_stmt 1 view .LVU60
 307              		.loc 1 167 11 is_stmt 0 view .LVU61
 308 0010 0268     		ldr	r2, [r0]
 309              		.loc 1 167 5 view .LVU62
 310 0012 1D4B     		ldr	r3, .L25
 311 0014 9A42     		cmp	r2, r3
 312 0016 01D0     		beq	.L24
 313              	.LVL19:
 314              	.L21:
 168:Src/stm32f7xx_hal_msp.c ****   {
 169:Src/stm32f7xx_hal_msp.c ****   /* USER CODE BEGIN USART2_MspInit 0 */
 170:Src/stm32f7xx_hal_msp.c **** 
 171:Src/stm32f7xx_hal_msp.c ****   /* USER CODE END USART2_MspInit 0 */
 172:Src/stm32f7xx_hal_msp.c ****     /* Peripheral clock enable */
 173:Src/stm32f7xx_hal_msp.c ****     __HAL_RCC_USART2_CLK_ENABLE();
 174:Src/stm32f7xx_hal_msp.c ****   
 175:Src/stm32f7xx_hal_msp.c ****     __HAL_RCC_GPIOA_CLK_ENABLE();
 176:Src/stm32f7xx_hal_msp.c ****     __HAL_RCC_GPIOD_CLK_ENABLE();
 177:Src/stm32f7xx_hal_msp.c ****     /**USART2 GPIO Configuration    
 178:Src/stm32f7xx_hal_msp.c ****     PA3     ------> USART2_RX
 179:Src/stm32f7xx_hal_msp.c ****     PD5     ------> USART2_TX 
 180:Src/stm32f7xx_hal_msp.c ****     */
 181:Src/stm32f7xx_hal_msp.c ****     GPIO_InitStruct.Pin = RX_Pin;
 182:Src/stm32f7xx_hal_msp.c ****     GPIO_InitStruct.Mode = GPIO_MODE_AF_PP;
ARM GAS  /tmp/cc8wUZnm.s 			page 10


 183:Src/stm32f7xx_hal_msp.c ****     GPIO_InitStruct.Pull = GPIO_NOPULL;
 184:Src/stm32f7xx_hal_msp.c ****     GPIO_InitStruct.Speed = GPIO_SPEED_FREQ_VERY_HIGH;
 185:Src/stm32f7xx_hal_msp.c ****     GPIO_InitStruct.Alternate = GPIO_AF7_USART2;
 186:Src/stm32f7xx_hal_msp.c ****     HAL_GPIO_Init(RX_GPIO_Port, &GPIO_InitStruct);
 187:Src/stm32f7xx_hal_msp.c **** 
 188:Src/stm32f7xx_hal_msp.c ****     GPIO_InitStruct.Pin = TX_Pin;
 189:Src/stm32f7xx_hal_msp.c ****     GPIO_InitStruct.Mode = GPIO_MODE_AF_PP;
 190:Src/stm32f7xx_hal_msp.c ****     GPIO_InitStruct.Pull = GPIO_NOPULL;
 191:Src/stm32f7xx_hal_msp.c ****     GPIO_InitStruct.Speed = GPIO_SPEED_FREQ_VERY_HIGH;
 192:Src/stm32f7xx_hal_msp.c ****     GPIO_InitStruct.Alternate = GPIO_AF7_USART2;
 193:Src/stm32f7xx_hal_msp.c ****     HAL_GPIO_Init(TX_GPIO_Port, &GPIO_InitStruct);
 194:Src/stm32f7xx_hal_msp.c **** 
 195:Src/stm32f7xx_hal_msp.c ****   /* USER CODE BEGIN USART2_MspInit 1 */
 196:Src/stm32f7xx_hal_msp.c **** 
 197:Src/stm32f7xx_hal_msp.c ****   /* USER CODE END USART2_MspInit 1 */
 198:Src/stm32f7xx_hal_msp.c ****   }
 199:Src/stm32f7xx_hal_msp.c **** 
 200:Src/stm32f7xx_hal_msp.c **** }
 315              		.loc 1 200 1 view .LVU63
 316 0018 08B0     		add	sp, sp, #32
 317              	.LCFI9:
 318              		.cfi_remember_state
 319              		.cfi_def_cfa_offset 16
 320              		@ sp needed
 321 001a 70BD     		pop	{r4, r5, r6, pc}
 322              	.LVL20:
 323              	.L24:
 324              	.LCFI10:
 325              		.cfi_restore_state
 173:Src/stm32f7xx_hal_msp.c ****   
 326              		.loc 1 173 5 is_stmt 1 view .LVU64
 327              	.LBB6:
 173:Src/stm32f7xx_hal_msp.c ****   
 328              		.loc 1 173 5 view .LVU65
 173:Src/stm32f7xx_hal_msp.c ****   
 329              		.loc 1 173 5 view .LVU66
 330 001c 03F5FA33 		add	r3, r3, #128000
 331 0020 1A6C     		ldr	r2, [r3, #64]
 332 0022 42F40032 		orr	r2, r2, #131072
 333 0026 1A64     		str	r2, [r3, #64]
 173:Src/stm32f7xx_hal_msp.c ****   
 334              		.loc 1 173 5 view .LVU67
 335 0028 1A6C     		ldr	r2, [r3, #64]
 336 002a 02F40032 		and	r2, r2, #131072
 337 002e 0092     		str	r2, [sp]
 173:Src/stm32f7xx_hal_msp.c ****   
 338              		.loc 1 173 5 view .LVU68
 339 0030 009A     		ldr	r2, [sp]
 340              	.LBE6:
 173:Src/stm32f7xx_hal_msp.c ****   
 341              		.loc 1 173 5 view .LVU69
 175:Src/stm32f7xx_hal_msp.c ****     __HAL_RCC_GPIOD_CLK_ENABLE();
 342              		.loc 1 175 5 view .LVU70
 343              	.LBB7:
 175:Src/stm32f7xx_hal_msp.c ****     __HAL_RCC_GPIOD_CLK_ENABLE();
 344              		.loc 1 175 5 view .LVU71
 175:Src/stm32f7xx_hal_msp.c ****     __HAL_RCC_GPIOD_CLK_ENABLE();
ARM GAS  /tmp/cc8wUZnm.s 			page 11


 345              		.loc 1 175 5 view .LVU72
 346 0032 1A6B     		ldr	r2, [r3, #48]
 347 0034 42F00102 		orr	r2, r2, #1
 348 0038 1A63     		str	r2, [r3, #48]
 175:Src/stm32f7xx_hal_msp.c ****     __HAL_RCC_GPIOD_CLK_ENABLE();
 349              		.loc 1 175 5 view .LVU73
 350 003a 1A6B     		ldr	r2, [r3, #48]
 351 003c 02F00102 		and	r2, r2, #1
 352 0040 0192     		str	r2, [sp, #4]
 175:Src/stm32f7xx_hal_msp.c ****     __HAL_RCC_GPIOD_CLK_ENABLE();
 353              		.loc 1 175 5 view .LVU74
 354 0042 019A     		ldr	r2, [sp, #4]
 355              	.LBE7:
 175:Src/stm32f7xx_hal_msp.c ****     __HAL_RCC_GPIOD_CLK_ENABLE();
 356              		.loc 1 175 5 view .LVU75
 176:Src/stm32f7xx_hal_msp.c ****     /**USART2 GPIO Configuration    
 357              		.loc 1 176 5 view .LVU76
 358              	.LBB8:
 176:Src/stm32f7xx_hal_msp.c ****     /**USART2 GPIO Configuration    
 359              		.loc 1 176 5 view .LVU77
 176:Src/stm32f7xx_hal_msp.c ****     /**USART2 GPIO Configuration    
 360              		.loc 1 176 5 view .LVU78
 361 0044 1A6B     		ldr	r2, [r3, #48]
 362 0046 42F00802 		orr	r2, r2, #8
 363 004a 1A63     		str	r2, [r3, #48]
 176:Src/stm32f7xx_hal_msp.c ****     /**USART2 GPIO Configuration    
 364              		.loc 1 176 5 view .LVU79
 365 004c 1B6B     		ldr	r3, [r3, #48]
 366 004e 03F00803 		and	r3, r3, #8
 367 0052 0293     		str	r3, [sp, #8]
 176:Src/stm32f7xx_hal_msp.c ****     /**USART2 GPIO Configuration    
 368              		.loc 1 176 5 view .LVU80
 369 0054 029B     		ldr	r3, [sp, #8]
 370              	.LBE8:
 176:Src/stm32f7xx_hal_msp.c ****     /**USART2 GPIO Configuration    
 371              		.loc 1 176 5 view .LVU81
 181:Src/stm32f7xx_hal_msp.c ****     GPIO_InitStruct.Mode = GPIO_MODE_AF_PP;
 372              		.loc 1 181 5 view .LVU82
 181:Src/stm32f7xx_hal_msp.c ****     GPIO_InitStruct.Mode = GPIO_MODE_AF_PP;
 373              		.loc 1 181 25 is_stmt 0 view .LVU83
 374 0056 0823     		movs	r3, #8
 375 0058 0393     		str	r3, [sp, #12]
 182:Src/stm32f7xx_hal_msp.c ****     GPIO_InitStruct.Pull = GPIO_NOPULL;
 376              		.loc 1 182 5 is_stmt 1 view .LVU84
 182:Src/stm32f7xx_hal_msp.c ****     GPIO_InitStruct.Pull = GPIO_NOPULL;
 377              		.loc 1 182 26 is_stmt 0 view .LVU85
 378 005a 0226     		movs	r6, #2
 379 005c 0496     		str	r6, [sp, #16]
 183:Src/stm32f7xx_hal_msp.c ****     GPIO_InitStruct.Speed = GPIO_SPEED_FREQ_VERY_HIGH;
 380              		.loc 1 183 5 is_stmt 1 view .LVU86
 184:Src/stm32f7xx_hal_msp.c ****     GPIO_InitStruct.Alternate = GPIO_AF7_USART2;
 381              		.loc 1 184 5 view .LVU87
 184:Src/stm32f7xx_hal_msp.c ****     GPIO_InitStruct.Alternate = GPIO_AF7_USART2;
 382              		.loc 1 184 27 is_stmt 0 view .LVU88
 383 005e 0325     		movs	r5, #3
 384 0060 0695     		str	r5, [sp, #24]
 185:Src/stm32f7xx_hal_msp.c ****     HAL_GPIO_Init(RX_GPIO_Port, &GPIO_InitStruct);
ARM GAS  /tmp/cc8wUZnm.s 			page 12


 385              		.loc 1 185 5 is_stmt 1 view .LVU89
 185:Src/stm32f7xx_hal_msp.c ****     HAL_GPIO_Init(RX_GPIO_Port, &GPIO_InitStruct);
 386              		.loc 1 185 31 is_stmt 0 view .LVU90
 387 0062 0724     		movs	r4, #7
 388 0064 0794     		str	r4, [sp, #28]
 186:Src/stm32f7xx_hal_msp.c **** 
 389              		.loc 1 186 5 is_stmt 1 view .LVU91
 390 0066 03A9     		add	r1, sp, #12
 391 0068 0848     		ldr	r0, .L25+4
 392              	.LVL21:
 186:Src/stm32f7xx_hal_msp.c **** 
 393              		.loc 1 186 5 is_stmt 0 view .LVU92
 394 006a FFF7FEFF 		bl	HAL_GPIO_Init
 395              	.LVL22:
 188:Src/stm32f7xx_hal_msp.c ****     GPIO_InitStruct.Mode = GPIO_MODE_AF_PP;
 396              		.loc 1 188 5 is_stmt 1 view .LVU93
 188:Src/stm32f7xx_hal_msp.c ****     GPIO_InitStruct.Mode = GPIO_MODE_AF_PP;
 397              		.loc 1 188 25 is_stmt 0 view .LVU94
 398 006e 2023     		movs	r3, #32
 399 0070 0393     		str	r3, [sp, #12]
 189:Src/stm32f7xx_hal_msp.c ****     GPIO_InitStruct.Pull = GPIO_NOPULL;
 400              		.loc 1 189 5 is_stmt 1 view .LVU95
 189:Src/stm32f7xx_hal_msp.c ****     GPIO_InitStruct.Pull = GPIO_NOPULL;
 401              		.loc 1 189 26 is_stmt 0 view .LVU96
 402 0072 0496     		str	r6, [sp, #16]
 190:Src/stm32f7xx_hal_msp.c ****     GPIO_InitStruct.Speed = GPIO_SPEED_FREQ_VERY_HIGH;
 403              		.loc 1 190 5 is_stmt 1 view .LVU97
 190:Src/stm32f7xx_hal_msp.c ****     GPIO_InitStruct.Speed = GPIO_SPEED_FREQ_VERY_HIGH;
 404              		.loc 1 190 26 is_stmt 0 view .LVU98
 405 0074 0023     		movs	r3, #0
 406 0076 0593     		str	r3, [sp, #20]
 191:Src/stm32f7xx_hal_msp.c ****     GPIO_InitStruct.Alternate = GPIO_AF7_USART2;
 407              		.loc 1 191 5 is_stmt 1 view .LVU99
 191:Src/stm32f7xx_hal_msp.c ****     GPIO_InitStruct.Alternate = GPIO_AF7_USART2;
 408              		.loc 1 191 27 is_stmt 0 view .LVU100
 409 0078 0695     		str	r5, [sp, #24]
 192:Src/stm32f7xx_hal_msp.c ****     HAL_GPIO_Init(TX_GPIO_Port, &GPIO_InitStruct);
 410              		.loc 1 192 5 is_stmt 1 view .LVU101
 192:Src/stm32f7xx_hal_msp.c ****     HAL_GPIO_Init(TX_GPIO_Port, &GPIO_InitStruct);
 411              		.loc 1 192 31 is_stmt 0 view .LVU102
 412 007a 0794     		str	r4, [sp, #28]
 193:Src/stm32f7xx_hal_msp.c **** 
 413              		.loc 1 193 5 is_stmt 1 view .LVU103
 414 007c 03A9     		add	r1, sp, #12
 415 007e 0448     		ldr	r0, .L25+8
 416 0080 FFF7FEFF 		bl	HAL_GPIO_Init
 417              	.LVL23:
 418              		.loc 1 200 1 is_stmt 0 view .LVU104
 419 0084 C8E7     		b	.L21
 420              	.L26:
 421 0086 00BF     		.align	2
 422              	.L25:
 423 0088 00440040 		.word	1073759232
 424 008c 00000240 		.word	1073872896
 425 0090 000C0240 		.word	1073875968
 426              		.cfi_endproc
 427              	.LFE144:
ARM GAS  /tmp/cc8wUZnm.s 			page 13


 429              		.section	.text.HAL_UART_MspDeInit,"ax",%progbits
 430              		.align	1
 431              		.global	HAL_UART_MspDeInit
 432              		.syntax unified
 433              		.thumb
 434              		.thumb_func
 435              		.fpu fpv5-d16
 437              	HAL_UART_MspDeInit:
 438              	.LVL24:
 439              	.LFB145:
 201:Src/stm32f7xx_hal_msp.c **** 
 202:Src/stm32f7xx_hal_msp.c **** /**
 203:Src/stm32f7xx_hal_msp.c **** * @brief UART MSP De-Initialization
 204:Src/stm32f7xx_hal_msp.c **** * This function freeze the hardware resources used in this example
 205:Src/stm32f7xx_hal_msp.c **** * @param huart: UART handle pointer
 206:Src/stm32f7xx_hal_msp.c **** * @retval None
 207:Src/stm32f7xx_hal_msp.c **** */
 208:Src/stm32f7xx_hal_msp.c **** void HAL_UART_MspDeInit(UART_HandleTypeDef* huart)
 209:Src/stm32f7xx_hal_msp.c **** {
 440              		.loc 1 209 1 is_stmt 1 view -0
 441              		.cfi_startproc
 442              		@ args = 0, pretend = 0, frame = 0
 443              		@ frame_needed = 0, uses_anonymous_args = 0
 444              		.loc 1 209 1 is_stmt 0 view .LVU106
 445 0000 08B5     		push	{r3, lr}
 446              	.LCFI11:
 447              		.cfi_def_cfa_offset 8
 448              		.cfi_offset 3, -8
 449              		.cfi_offset 14, -4
 210:Src/stm32f7xx_hal_msp.c ****   if(huart->Instance==USART2)
 450              		.loc 1 210 3 is_stmt 1 view .LVU107
 451              		.loc 1 210 11 is_stmt 0 view .LVU108
 452 0002 0268     		ldr	r2, [r0]
 453              		.loc 1 210 5 view .LVU109
 454 0004 084B     		ldr	r3, .L31
 455 0006 9A42     		cmp	r2, r3
 456 0008 00D0     		beq	.L30
 457              	.LVL25:
 458              	.L27:
 211:Src/stm32f7xx_hal_msp.c ****   {
 212:Src/stm32f7xx_hal_msp.c ****   /* USER CODE BEGIN USART2_MspDeInit 0 */
 213:Src/stm32f7xx_hal_msp.c **** 
 214:Src/stm32f7xx_hal_msp.c ****   /* USER CODE END USART2_MspDeInit 0 */
 215:Src/stm32f7xx_hal_msp.c ****     /* Peripheral clock disable */
 216:Src/stm32f7xx_hal_msp.c ****     __HAL_RCC_USART2_CLK_DISABLE();
 217:Src/stm32f7xx_hal_msp.c ****   
 218:Src/stm32f7xx_hal_msp.c ****     /**USART2 GPIO Configuration    
 219:Src/stm32f7xx_hal_msp.c ****     PA3     ------> USART2_RX
 220:Src/stm32f7xx_hal_msp.c ****     PD5     ------> USART2_TX 
 221:Src/stm32f7xx_hal_msp.c ****     */
 222:Src/stm32f7xx_hal_msp.c ****     HAL_GPIO_DeInit(RX_GPIO_Port, RX_Pin);
 223:Src/stm32f7xx_hal_msp.c **** 
 224:Src/stm32f7xx_hal_msp.c ****     HAL_GPIO_DeInit(TX_GPIO_Port, TX_Pin);
 225:Src/stm32f7xx_hal_msp.c **** 
 226:Src/stm32f7xx_hal_msp.c ****   /* USER CODE BEGIN USART2_MspDeInit 1 */
 227:Src/stm32f7xx_hal_msp.c **** 
 228:Src/stm32f7xx_hal_msp.c ****   /* USER CODE END USART2_MspDeInit 1 */
ARM GAS  /tmp/cc8wUZnm.s 			page 14


 229:Src/stm32f7xx_hal_msp.c ****   }
 230:Src/stm32f7xx_hal_msp.c **** 
 231:Src/stm32f7xx_hal_msp.c **** }
 459              		.loc 1 231 1 view .LVU110
 460 000a 08BD     		pop	{r3, pc}
 461              	.LVL26:
 462              	.L30:
 216:Src/stm32f7xx_hal_msp.c ****   
 463              		.loc 1 216 5 is_stmt 1 view .LVU111
 464 000c 074A     		ldr	r2, .L31+4
 465 000e 136C     		ldr	r3, [r2, #64]
 466 0010 23F40033 		bic	r3, r3, #131072
 467 0014 1364     		str	r3, [r2, #64]
 222:Src/stm32f7xx_hal_msp.c **** 
 468              		.loc 1 222 5 view .LVU112
 469 0016 0821     		movs	r1, #8
 470 0018 0548     		ldr	r0, .L31+8
 471              	.LVL27:
 222:Src/stm32f7xx_hal_msp.c **** 
 472              		.loc 1 222 5 is_stmt 0 view .LVU113
 473 001a FFF7FEFF 		bl	HAL_GPIO_DeInit
 474              	.LVL28:
 224:Src/stm32f7xx_hal_msp.c **** 
 475              		.loc 1 224 5 is_stmt 1 view .LVU114
 476 001e 2021     		movs	r1, #32
 477 0020 0448     		ldr	r0, .L31+12
 478 0022 FFF7FEFF 		bl	HAL_GPIO_DeInit
 479              	.LVL29:
 480              		.loc 1 231 1 is_stmt 0 view .LVU115
 481 0026 F0E7     		b	.L27
 482              	.L32:
 483              		.align	2
 484              	.L31:
 485 0028 00440040 		.word	1073759232
 486 002c 00380240 		.word	1073887232
 487 0030 00000240 		.word	1073872896
 488 0034 000C0240 		.word	1073875968
 489              		.cfi_endproc
 490              	.LFE145:
 492              		.text
 493              	.Letext0:
 494              		.file 2 "/usr/arm-none-eabi/include/machine/_default_types.h"
 495              		.file 3 "/usr/arm-none-eabi/include/sys/_stdint.h"
 496              		.file 4 "Drivers/CMSIS/Include/core_cm7.h"
 497              		.file 5 "Drivers/CMSIS/Device/ST/STM32F7xx/Include/system_stm32f7xx.h"
 498              		.file 6 "Drivers/CMSIS/Device/ST/STM32F7xx/Include/stm32f767xx.h"
 499              		.file 7 "Drivers/STM32F7xx_HAL_Driver/Inc/stm32f7xx_hal_def.h"
 500              		.file 8 "Drivers/STM32F7xx_HAL_Driver/Inc/stm32f7xx_hal_gpio.h"
 501              		.file 9 "Drivers/STM32F7xx_HAL_Driver/Inc/stm32f7xx_hal_dma.h"
 502              		.file 10 "Drivers/STM32F7xx_HAL_Driver/Inc/stm32f7xx_hal_tim.h"
 503              		.file 11 "Drivers/STM32F7xx_HAL_Driver/Inc/stm32f7xx_hal_uart.h"
 504              		.file 12 "Drivers/STM32F7xx_HAL_Driver/Inc/stm32f7xx_hal.h"
 505              		.file 13 "Drivers/STM32F7xx_HAL_Driver/Inc/stm32f7xx_hal_cortex.h"
ARM GAS  /tmp/cc8wUZnm.s 			page 15


DEFINED SYMBOLS
                            *ABS*:0000000000000000 stm32f7xx_hal_msp.c
     /tmp/cc8wUZnm.s:17     .text.HAL_MspInit:0000000000000000 $t
     /tmp/cc8wUZnm.s:25     .text.HAL_MspInit:0000000000000000 HAL_MspInit
     /tmp/cc8wUZnm.s:76     .text.HAL_MspInit:000000000000002c $d
     /tmp/cc8wUZnm.s:81     .text.HAL_TIM_Base_MspInit:0000000000000000 $t
     /tmp/cc8wUZnm.s:88     .text.HAL_TIM_Base_MspInit:0000000000000000 HAL_TIM_Base_MspInit
     /tmp/cc8wUZnm.s:192    .text.HAL_TIM_Base_MspInit:0000000000000064 $d
     /tmp/cc8wUZnm.s:199    .text.HAL_TIM_Base_MspDeInit:0000000000000000 $t
     /tmp/cc8wUZnm.s:206    .text.HAL_TIM_Base_MspDeInit:0000000000000000 HAL_TIM_Base_MspDeInit
     /tmp/cc8wUZnm.s:267    .text.HAL_TIM_Base_MspDeInit:000000000000003c $d
     /tmp/cc8wUZnm.s:273    .text.HAL_UART_MspInit:0000000000000000 $t
     /tmp/cc8wUZnm.s:280    .text.HAL_UART_MspInit:0000000000000000 HAL_UART_MspInit
     /tmp/cc8wUZnm.s:423    .text.HAL_UART_MspInit:0000000000000088 $d
     /tmp/cc8wUZnm.s:430    .text.HAL_UART_MspDeInit:0000000000000000 $t
     /tmp/cc8wUZnm.s:437    .text.HAL_UART_MspDeInit:0000000000000000 HAL_UART_MspDeInit
     /tmp/cc8wUZnm.s:485    .text.HAL_UART_MspDeInit:0000000000000028 $d

UNDEFINED SYMBOLS
HAL_NVIC_SetPriority
HAL_NVIC_EnableIRQ
HAL_NVIC_DisableIRQ
HAL_GPIO_Init
HAL_GPIO_DeInit
